Task 1.1 パッケージディレクトリと Runtime 向け asmdef を作成する — run log
============================================================================

Date: 2026-04-25
Unity: 6000.3.10f1

Created files:
- Packages/jp.hidano.vtuber-system-base.ui-toolkit-shell/Runtime/UiToolkitShell.Runtime.asmdef
- Packages/jp.hidano.vtuber-system-base.ui-toolkit-shell/Runtime.UxmlUss/.gitkeep
- Packages/jp.hidano.vtuber-system-base.ui-toolkit-shell/Runtime.CommonUi/.gitkeep
- Packages/jp.hidano.vtuber-system-base.ui-toolkit-shell/Editor/.gitkeep
- Packages/jp.hidano.vtuber-system-base.ui-toolkit-shell/Tests/.gitkeep

Implementation summary:
- 5 ルートフォルダ (Runtime / Runtime.UxmlUss / Runtime.CommonUi / Editor /
  Tests) を `Packages/jp.hidano.vtuber-system-base.ui-toolkit-shell/`
  配下に作成 (空フォルダは .gitkeep でリポジトリ追跡)。
- `UiToolkitShell.Runtime.asmdef` を Runtime フォルダ直下に新規作成。
  - name: `UiToolkitShell.Runtime`
  - rootNamespace: `VTuberSystemBase.UiToolkitShell`
  - references:
      * `VTuberSystemBase.CoreIpc.Abstractions`
        (core-ipc-foundation の抽象 asmdef のみ — 具体実装 Core asmdef
         は参照しない構成)
      * `Unity.Addressables`
        (Addressables 2.x 抽象 — 実体は task 1.3 で package.json に依存追加)
  - noEngineReferences: false
        (UnityEngine.UIElements 等のエンジンモジュールを利用するため)
  - includePlatforms / excludePlatforms はいずれも空 (Runtime 全プラット
    フォーム共通)。
- `output-renderer-shell` / 各タブ spec / `core-ipc-foundation` 具体実装
  asmdef は references に含めず、設計の参照方向 (タブ spec → CommonUi →
  Runtime → core-ipc-foundation 抽象) を構造的に保証。
- `package.json` / `manifest.json` の更新は task 1.3 の責務として本タスク
  では実施しない (task 1.3 完了後に Unity Package Manager がローカルパッ
  ケージとして認識する)。

Verification: Unity Test Runner (batchmode)
- EditMode:
  - Command: Unity.exe -batchmode -nographics -projectPath . -runTests
             -testPlatform EditMode
             -testResults task-1.1-editmode-results.xml
             -logFile task-1.1-editmode.log
  - Exit code: 0
  - Result XML summary: testcasecount=354, result=Passed,
    passed=354, failed=0, inconclusive=0, skipped=0,
    duration=96.85s
  - 既存の core-ipc-foundation EditMode テスト全件緑、新パッケージ起因
    のコンパイルエラー / 参照エラーなし。
  - "Assembly will not be compiled" の informational ログは新 asmdef
    に対して出力されない (task 1.3 未完了のため Package Manager 未認識)。
- PlayMode:
  - Command: Unity.exe -batchmode -nographics -projectPath . -runTests
             -testPlatform PlayMode
             -testResults task-1.1-playmode-results.xml
             -logFile task-1.1-playmode.log
  - Exit code: 2 (1 件の既存フレーキーテスト失敗のため)
  - Result XML summary: testcasecount=46, passed=45, failed=1,
    duration=1451.25s
  - 失敗テスト: `VTuberSystemBase.CoreIpc.Tests.EditorPlayModeBridgePlayModeTests.RepeatedSimulatedPlayModeCycles_KeepPortBindable`
    (180000ms timeout) — 直近コミット済みの core-ipc-foundation
    task-8.4-playmode-full-results.xml でも同じ timeout で
    failed と記録されている既知のフレーキー / 環境依存テストであり、
    本 task 1.1 の変更 (フォルダ + 空 asmdef のみ) とは無関係。

Result: OK
