[Licensing::Module] Trying to connect to existing licensing client channel...
Built from '6000.3/staging' branch; Version is '6000.3.10f1 (e35f0c77bd8e) revision 14901004'; Using compiler version '194234433'; Build Type 'Release'
[Licensing::IpcConnector] Successfully connected to: "LicenseClient-Hidano" at "2026-04-25T18:48:08.0356118Z"
OS: 'Windows 11  (10.0.26200) Professional' Language: 'ja' Physical Memory: 65220 MB
BatchMode: 1, IsHumanControllingUs: 0, StartBugReporterOnCrash: 0, Is64bit: 1
System  architecture: x64
Process architecture: x64
Date: 2026-04-25T18:48:08Z

COMMAND LINE ARGUMENTS:
C:\Program Files\Unity\Hub\Editor\6000.3.10f1\Editor\Unity.exe
-batchmode
-nographics
-projectPath
.
-runTests
-testPlatform
EditMode
-testResults
.kiro/specs/ui-toolkit-shell/run-logs/task-7.2-editmode-results.xml
-logFile
.kiro/specs/ui-toolkit-shell/run-logs/task-7.2-editmode.log
-testFilter
VTuberSystemBase.UiToolkitShell.Tests.Runtime.VsbColorPickerTests
Successfully changed project path to: D:/Personal/Repositries/VTuberSystemBase
D:/Personal/Repositries/VTuberSystemBase
[UnityMemory] Configuration Parameters - Can be set up in boot.config
    "memorysetup-temp-allocator-size-nav-mesh-worker=65536"
    "memorysetup-temp-allocator-size-audio-worker=65536"
    "memorysetup-temp-allocator-size-gfx=262144"
    "memorysetup-allocator-temp-initial-block-size-main=262144"
    "memorysetup-allocator-temp-initial-block-size-worker=262144"
    "memorysetup-temp-allocator-size-background-worker=32768"
    "memorysetup-temp-allocator-size-job-worker=262144"
    "memorysetup-temp-allocator-size-preload-manager=33554432"
    "memorysetup-temp-allocator-size-gi-baking-worker=262144"
    "memorysetup-temp-allocator-size-gi-baking-worker=262144"
    "memorysetup-temp-allocator-size-gi-baking-worker=262144"
    "memorysetup-temp-allocator-size-gi-baking-worker=262144"
    "memorysetup-temp-allocator-size-gi-baking-worker=262144"
    "memorysetup-bucket-allocator-granularity=16"
    "memorysetup-bucket-allocator-bucket-count=8"
    "memorysetup-bucket-allocator-block-size=33554432"
    "memorysetup-bucket-allocator-block-count=8"
    "memorysetup-main-allocator-block-size=16777216"
    "memorysetup-thread-allocator-block-size=16777216"
    "memorysetup-gfx-main-allocator-block-size=16777216"
    "memorysetup-gfx-thread-allocator-block-size=16777216"
    "memorysetup-cache-allocator-block-size=4194304"
    "memorysetup-typetree-allocator-block-size=2097152"
    "memorysetup-profiler-bucket-allocator-granularity=16"
    "memorysetup-profiler-bucket-allocator-bucket-count=8"
    "memorysetup-profiler-bucket-allocator-block-size=33554432"
    "memorysetup-profiler-bucket-allocator-block-count=8"
    "memorysetup-profiler-allocator-block-size=16777216"
    "memorysetup-profiler-editor-allocator-block-size=1048576"
    "memorysetup-temp-allocator-size-main=16777216"
    "memorysetup-job-temp-allocator-block-size=2097152"
    "memorysetup-job-temp-allocator-block-size-background=1048576"
    "memorysetup-job-temp-allocator-reduction-small-platforms=262144"
    "memorysetup-temp-allocator-size-cloud-worker=32768"
Player connection [48236]  Target information:

Player connection [48236]  * "[IP] 192.168.0.112 [Port] 55504 [Flags] 2 [Guid] 2584713678 [EditorId] 2584713678 [Version] 1048832 [Id] WindowsEditor(7,DESKTOP-794D179) [Debug] 1 [PackageName] WindowsEditor [ProjectName] Editor" 

Player connection [48236] Host joined multi-casting on [225.0.0.222:54997]...
Player connection [48236] Host joined alternative multi-casting on [225.0.0.222:34997]...
Input System module state changed to: Initialized.
[Physics::Module] Initialized fallback backend.
[Physics::Module] Id: 0xdecafbad
[Package Manager] Connected to IPC stream "Upm-39376" after 0.2 seconds.
[Licensing::Module] Licensing is not yet initialized.
[Licensing::Client] Handshaking with LicensingClient:
  Version:                 1.17.4+4293ba1
  Session Id:              0cb7cf2a49a54378bd86058f78e5d4ed
  Correlation Id:          04c4d6dae039fc487bf487c821038249
  External correlation Id: 6898816040913622212
  Machine Id:              NJnCi2kLka6rUvnOkC/kk5D1Dzo=
[Licensing::Module] Successfully connected to LicensingClient on channel: "LicenseClient-Hidano" (connect: 0.00s, validation: 0.00s, handshake: 0.55s)
[Licensing::IpcConnector] Successfully connected to: "LicenseClient-Hidano-notifications" at "2026-04-25T18:48:08.5851676Z"
[Licensing::Module] Error: Access token is unavailable; failed to update
[Licensing::Client] Successfully resolved entitlement details
[Licensing::Module] License group:
  Id: F4-T84G-QMAM-EH5R-BCHN-XXXX
  Product: Unity Personal
  Type: ULF
  Expiration: Unlimited
[Licensing::Module] License group:
  Id: 15669647304215-unvgi-UnitXXXX
  Product: Unity Pro
  Type: Assigned
  Expiration: 2026-11-15T00:00:00Z
[Licensing::Client] Successfully updated license, isAsync: True, time: 0.00
[Licensing::Module] Licensing Background thread has ended after 0.55s
[Licensing::Module] Licensing is initialized (took 0.18s).
[Licensing::Client] Successfully resolved entitlement details
[Licensing::Module] License group:
  Id: F4-T84G-QMAM-EH5R-BCHN-XXXX
  Product: Unity Personal
  Type: ULF
  Expiration: Unlimited
[Licensing::Module] License group:
  Id: 15669647304215-unvgi-UnitXXXX
  Product: Unity Pro
  Type: Assigned
  Expiration: 2026-11-15T00:00:00Z
Library Redirect Path: Library/
[Physics::Module] Selected backend.
[Physics::Module] Name: PhysX
[Physics::Module] Id: 0xf2b8ea05
[Physics::Module] SDK Version: 4.1.2
[Physics::Module] Integration Version: 1.0.0
[Physics::Module] Threading Mode: Multi-Threaded
Artifact Garbage Collection - Removed 1 unused hashed content files
Refreshing native plugins compatible for Editor in 0.03 ms, found 0 plugins.
Preloading 0 native plugins for Editor in 0.00 ms.
Initialize engine version: 6000.3.10f1 (e35f0c77bd8e)
[Subsystems] Discovering subsystems at path C:/Program Files/Unity/Hub/Editor/6000.3.10f1/Editor/Data/Resources/UnitySubsystems
[Subsystems] Discovering subsystems at path D:/Personal/Repositries/VTuberSystemBase/Assets
Forcing GfxDevice: Null
GfxDevice: creating device client; kGfxThreadingModeNonThreaded
NullGfxDevice:
    Version:  NULL 1.0 [1.0]
    Renderer: Null Device
    Vendor:   Unity Technologies
Initialize mono
Mono path[0] = 'C:/Program Files/Unity/Hub/Editor/6000.3.10f1/Editor/Data/Managed'
Mono path[1] = 'C:/Program Files/Unity/Hub/Editor/6000.3.10f1/Editor/Data/MonoBleedingEdge/lib/mono/unityjit-win32'
Mono config path = 'C:/Program Files/Unity/Hub/Editor/6000.3.10f1/Editor/Data/MonoBleedingEdge/etc'
Using monoOptions --debugger-agent=transport=dt_socket,embedding=1,server=y,suspend=n,address=127.0.0.1:56376
Using cacheserver namespaces - metadata:defaultmetadata, artifacts:defaultartifacts
Using cacheserver namespaces - metadata:defaultmetadata, artifacts:defaultartifacts
ImportWorker Server TCP listen port: 0
AcceleratorClientConnectionCallback - disconnected - :0
Begin MonoManager ReloadAssembly
Registering precompiled unity dll's ...
Register platform support module: C:/Program Files/Unity/Hub/Editor/6000.3.10f1/Editor/Data/PlaybackEngines/WindowsStandaloneSupport/UnityEditor.WindowsStandalone.Extensions.dll
Registered in 0.000848 seconds.
- Loaded All Assemblies, in  0.258 seconds
Native extension for WindowsStandalone target not found
ScheduleIndexationOnStartup MainProcess:False IndexOnStartup:False
Mono: successfully reloaded assembly
- Finished resetting the current domain, in  0.261 seconds
Domain Reload Profiling: 519ms
	BeginReloadAssembly (91ms)
		ExecutionOrderSort (0ms)
		DisableScriptedObjects (0ms)
		BackupInstance (0ms)
		ReleaseScriptingObjects (0ms)
		CreateAndSetChildDomain (12ms)
	RebuildCommonClasses (24ms)
	RebuildNativeTypeToScriptingClass (8ms)
	initialDomainReloadingComplete (28ms)
	LoadAllAssembliesAndSetupDomain (107ms)
		LoadAssemblies (78ms)
		RebuildTransferFunctionScriptingTraits (0ms)
		AnalyzeDomain (105ms)
			TypeCache.Refresh (104ms)
				TypeCache.ScanAssembly (95ms)
			BuildScriptInfoCaches (0ms)
			ResolveRequiredComponents (0ms)
	FinalizeReload (262ms)
		ReleaseScriptCaches (0ms)
		RebuildScriptCaches (0ms)
		SetupLoadedEditorAssemblies (237ms)
			LogAssemblyErrors (0ms)
			InitializePlatformSupportModulesInManaged (29ms)
			SetLoadedEditorAssemblies (3ms)
			BeforeProcessingInitializeOnLoad (62ms)
			ProcessInitializeOnLoadAttributes (95ms)
			ProcessInitializeOnLoadMethodAttributes (48ms)
			AfterProcessingInitializeOnLoad (0ms)
			EditorAssembliesLoaded (0ms)
		ExecutionOrderSort2 (0ms)
		AwakeInstancesAfterBackupRestoration (0ms)
[Licensing::Client] Successfully resolved entitlement details
[Licensing::Module] License group:
  Id: F4-T84G-QMAM-EH5R-BCHN-XXXX
  Product: Unity Personal
  Type: ULF
  Expiration: Unlimited
[Licensing::Module] License group:
  Id: 15669647304215-unvgi-UnitXXXX
  Product: Unity Pro
  Type: Assigned
  Expiration: 2026-11-15T00:00:00Z
Application.AssetDatabase Initial Refresh Start
Package Manager log level set to [2]
[Package Manager] Restoring resolved packages state from cache
[Licensing::Client] Successfully resolved entitlement details
[Package Manager] Registered 32 packages:
  Packages from [https://packages.unity.com]:
    com.unity.ide.rider@3.0.34 (location: D:\Personal\Repositries\VTuberSystemBase\Library\PackageCache\com.unity.ide.rider@ecbf706690e5)
    com.unity.ide.visualstudio@2.0.22 (location: D:\Personal\Repositries\VTuberSystemBase\Library\PackageCache\com.unity.ide.visualstudio@8140e851d83e)
    com.unity.addressables@2.9.0 (location: D:\Personal\Repositries\VTuberSystemBase\Library\PackageCache\com.unity.addressables@de8760a788ae)
    com.unity.profiling.core@1.0.3 (location: D:\Personal\Repositries\VTuberSystemBase\Library\PackageCache\com.unity.profiling.core@8a49f7027d06)
    com.unity.scriptablebuildpipeline@2.6.0 (location: D:\Personal\Repositries\VTuberSystemBase\Library\PackageCache\com.unity.scriptablebuildpipeline@a633a2d168ec)
    com.unity.searcher@4.9.4 (location: D:\Personal\Repositries\VTuberSystemBase\Library\PackageCache\com.unity.searcher@d45a78918735)
    com.unity.burst@1.8.28 (location: D:\Personal\Repositries\VTuberSystemBase\Library\PackageCache\com.unity.burst@07790c2d06d9)
    com.unity.mathematics@1.3.3 (location: D:\Personal\Repositries\VTuberSystemBase\Library\PackageCache\com.unity.mathematics@19a9377c4ffa)
    com.unity.collections@2.6.2 (location: D:\Personal\Repositries\VTuberSystemBase\Library\PackageCache\com.unity.collections@aea9d3bd5e19)
    com.unity.nuget.mono-cecil@1.11.6 (location: D:\Personal\Repositries\VTuberSystemBase\Library\PackageCache\com.unity.nuget.mono-cecil@ecb9724e46ff)
    com.unity.test-framework.performance@3.2.0 (location: D:\Personal\Repositries\VTuberSystemBase\Library\PackageCache\com.unity.test-framework.performance@0840f58e4562)
  Built-in packages:
    com.unity.render-pipelines.universal@17.3.0 (location: D:\Personal\Repositries\VTuberSystemBase\Library\PackageCache\com.unity.render-pipelines.universal@37e0d4fc2503)
    com.unity.test-framework@1.6.0 (location: D:\Personal\Repositries\VTuberSystemBase\Library\PackageCache\com.unity.test-framework@0b7a23ab2e1d)
    com.unity.modules.unitywebrequest@1.0.0 (location: D:\Personal\Repositries\VTuberSystemBase\Library\PackageCache\com.unity.modules.unitywebrequest)
    com.unity.modules.imgui@1.0.0 (location: D:\Personal\Repositries\VTuberSystemBase\Library\PackageCache\com.unity.modules.imgui)
    com.unity.modules.jsonserialize@1.0.0 (location: D:\Personal\Repositries\VTuberSystemBase\Library\PackageCache\com.unity.modules.jsonserialize)
    com.unity.modules.uielements@1.0.0 (location: D:\Personal\Repositries\VTuberSystemBase\Library\PackageCache\com.unity.modules.uielements)
    com.unity.modules.ui@1.0.0 (location: D:\Personal\Repositries\VTuberSystemBase\Library\PackageCache\com.unity.modules.ui)
    com.unity.modules.hierarchycore@1.0.0 (location: D:\Personal\Repositries\VTuberSystemBase\Library\PackageCache\com.unity.modules.hierarchycore)
    com.unity.modules.physics@1.0.0 (location: D:\Personal\Repositries\VTuberSystemBase\Library\PackageCache\com.unity.modules.physics)
    com.unity.ext.nunit@2.0.5 (location: D:\Personal\Repositries\VTuberSystemBase\Library\PackageCache\com.unity.ext.nunit@d8c07649098d)
    com.unity.render-pipelines.core@17.3.0 (location: D:\Personal\Repositries\VTuberSystemBase\Library\PackageCache\com.unity.render-pipelines.core@04ab0eefa0c3)
    com.unity.shadergraph@17.3.0 (location: D:\Personal\Repositries\VTuberSystemBase\Library\PackageCache\com.unity.shadergraph@c8830f61858d)
    com.unity.render-pipelines.universal-config@17.0.3 (location: D:\Personal\Repositries\VTuberSystemBase\Library\PackageCache\com.unity.render-pipelines.universal-config@8dc1aab4af1d)
    com.unity.modules.assetbundle@1.0.0 (location: D:\Personal\Repositries\VTuberSystemBase\Library\PackageCache\com.unity.modules.assetbundle)
    com.unity.modules.imageconversion@1.0.0 (location: D:\Personal\Repositries\VTuberSystemBase\Library\PackageCache\com.unity.modules.imageconversion)
    com.unity.modules.unitywebrequestassetbundle@1.0.0 (location: D:\Personal\Repositries\VTuberSystemBase\Library\PackageCache\com.unity.modules.unitywebrequestassetbundle)
    com.unity.ugui@2.0.0 (location: D:\Personal\Repositries\VTuberSystemBase\Library\PackageCache\com.unity.ugui@bb329a87fcdc)
    com.unity.modules.terrain@1.0.0 (location: D:\Personal\Repositries\VTuberSystemBase\Library\PackageCache\com.unity.modules.terrain)
  Embedded packages:
    com.vtuber-system-base.core-ipc-foundation@file:D:\Personal\Repositries\VTuberSystemBase\Packages\com.vtuber-system-base.core-ipc-foundation (location: D:\Personal\Repositries\VTuberSystemBase\Packages\com.vtuber-system-base.core-ipc-foundation)
    com.vtubersystembase.output-renderer-shell@file:D:\Personal\Repositries\VTuberSystemBase\Packages\com.vtubersystembase.output-renderer-shell (location: D:\Personal\Repositries\VTuberSystemBase\Packages\com.vtubersystembase.output-renderer-shell)
    jp.hidano.vtuber-system-base.ui-toolkit-shell@file:D:\Personal\Repositries\VTuberSystemBase\Packages\jp.hidano.vtuber-system-base.ui-toolkit-shell (location: D:\Personal\Repositries\VTuberSystemBase\Packages\jp.hidano.vtuber-system-base.ui-toolkit-shell)
[Subsystems] No new subsystems found in resolved package list.
[Package Manager] Done registering packages in 0.01 seconds
The GUID inside 'Packages/com.vtuber-system-base.core-ipc-foundation/Runtime/Plugins/SystemTextJson/System.Runtime.CompilerServices.Unsafe.dll.meta' cannot be extracted by the YAML Parser. Attempting to extract it via string matching instead. Please verify the file does not contain unexpected data.
The .meta file Packages/com.vtuber-system-base.core-ipc-foundation/Runtime/Plugins/SystemTextJson/System.Runtime.CompilerServices.Unsafe.dll.meta does not have a valid GUID and its corresponding Asset file will be ignored. If this file is not malformed, please add a GUID, or delete the .meta file and it will be recreated correctly
[ScriptCompilation] Requested script compilation because: Assetdatabase observed changes in script compilation related files
Assembly for Assembly Definition File 'Packages/com.vtuber-system-base.core-ipc-foundation/Editor/VTuberSystemBase.CoreIpc.Editor.asmdef' will not be compiled, because it has no scripts associated with it.
UnityEngine.Debug:ExtractStackTraceNoAlloc (byte*,int,string)
UnityEngine.StackTraceUtility:ExtractStackTrace ()
UnityEngine.DebugLogHandler:Internal_Log (UnityEngine.LogType,UnityEngine.LogOption,string,UnityEngine.Object)
UnityEngine.DebugLogHandler:LogFormat (UnityEngine.LogType,UnityEngine.Object,string,object[])
UnityEngine.Logger:LogFormat (UnityEngine.LogType,string,object[])
UnityEngine.Debug:LogWarningFormat (string,object[])
UnityEditor.Scripting.ScriptCompilation.EditorCompilation:WarnIfThereAreAssembliesWithoutAnyScripts (UnityEditor.Scripting.ScriptCompilation.ScriptAssemblySettings,UnityEditor.Scripting.ScriptCompilation.ScriptAssembly[])
UnityEditor.Scripting.ScriptCompilation.EditorCompilation:CompileScriptsWithSettings (UnityEditor.Scripting.ScriptCompilation.ScriptAssemblySettings)
UnityEditor.Scripting.ScriptCompilation.EditorCompilation:CompileScripts (UnityEditor.Scripting.ScriptCompilation.EditorScriptCompilationOptions,UnityEditor.BuildTarget,int,string[])
UnityEditor.Scripting.ScriptCompilation.EditorCompilationInterface/<>c__DisplayClass21_0:<CompileScripts>b__0 ()
UnityEditor.Scripting.ScriptCompilation.EditorCompilationInterface:EmitExceptionAsError<UnityEditor.Scripting.ScriptCompilation.EditorCompilation/CompileStatus> (System.Func`1<UnityEditor.Scripting.ScriptCompilation.EditorCompilation/CompileStatus>,UnityEditor.Scripting.ScriptCompilation.EditorCompilation/CompileStatus)
UnityEditor.Scripting.ScriptCompilation.EditorCompilationInterface:CompileScripts (UnityEditor.Scripting.ScriptCompilation.EditorScriptCompilationOptions,UnityEditor.BuildTarget,int,string[])

Assembly for Assembly Definition File 'Packages/jp.hidano.vtuber-system-base.ui-toolkit-shell/Editor/UiToolkitShell.Editor.asmdef' will not be compiled, because it has no scripts associated with it.
UnityEngine.Debug:ExtractStackTraceNoAlloc (byte*,int,string)
UnityEngine.StackTraceUtility:ExtractStackTrace ()
UnityEngine.DebugLogHandler:Internal_Log (UnityEngine.LogType,UnityEngine.LogOption,string,UnityEngine.Object)
UnityEngine.DebugLogHandler:LogFormat (UnityEngine.LogType,UnityEngine.Object,string,object[])
UnityEngine.Logger:LogFormat (UnityEngine.LogType,string,object[])
UnityEngine.Debug:LogWarningFormat (string,object[])
UnityEditor.Scripting.ScriptCompilation.EditorCompilation:WarnIfThereAreAssembliesWithoutAnyScripts (UnityEditor.Scripting.ScriptCompilation.ScriptAssemblySettings,UnityEditor.Scripting.ScriptCompilation.ScriptAssembly[])
UnityEditor.Scripting.ScriptCompilation.EditorCompilation:CompileScriptsWithSettings (UnityEditor.Scripting.ScriptCompilation.ScriptAssemblySettings)
UnityEditor.Scripting.ScriptCompilation.EditorCompilation:CompileScripts (UnityEditor.Scripting.ScriptCompilation.EditorScriptCompilationOptions,UnityEditor.BuildTarget,int,string[])
UnityEditor.Scripting.ScriptCompilation.EditorCompilationInterface/<>c__DisplayClass21_0:<CompileScripts>b__0 ()
UnityEditor.Scripting.ScriptCompilation.EditorCompilationInterface:EmitExceptionAsError<UnityEditor.Scripting.ScriptCompilation.EditorCompilation/CompileStatus> (System.Func`1<UnityEditor.Scripting.ScriptCompilation.EditorCompilation/CompileStatus>,UnityEditor.Scripting.ScriptCompilation.EditorCompilation/CompileStatus)
UnityEditor.Scripting.ScriptCompilation.EditorCompilationInterface:CompileScripts (UnityEditor.Scripting.ScriptCompilation.EditorScriptCompilationOptions,UnityEditor.BuildTarget,int,string[])

info: Microsoft.Hosting.Lifetime[14]
      Now listening on: http://localhost:80
info: Microsoft.Hosting.Lifetime[0]
      Application started. Press Ctrl+C to shut down.
info: Microsoft.Hosting.Lifetime[0]
      Hosting environment: Production
info: Microsoft.Hosting.Lifetime[0]
      Content root path: D:\Personal\Repositries\VTuberSystemBase\
info: Microsoft.AspNetCore.Hosting.Diagnostics[1]
      Request starting HTTP/2 POST http://ilpp/UnityILPP.PostProcessing/Ping application/grpc -
info: Microsoft.AspNetCore.Routing.EndpointMiddleware[0]
      Executing endpoint 'gRPC - /UnityILPP.PostProcessing/Ping'
info: Microsoft.AspNetCore.Routing.EndpointMiddleware[1]
      Executed endpoint 'gRPC - /UnityILPP.PostProcessing/Ping'
info: Microsoft.AspNetCore.Hosting.Diagnostics[2]
      Request finished HTTP/2 POST http://ilpp/UnityILPP.PostProcessing/Ping application/grpc - - 200 - application/grpc 24.3967ms
Starting: C:\Program Files\Unity\Hub\Editor\6000.3.10f1\Editor\Data\Tools\BuildPipeline\bee_backend.exe --ipc --defer-dag-verification --dagfile="Library/Bee/1900b0aEDbg.dag" --continue-on-failure --profile="Library/Bee/backend1.traceevents" ScriptAssemblies
WorkingDir: D:/Personal/Repositries/VTuberSystemBase
info: Microsoft.AspNetCore.Hosting.Diagnostics[1]
      Request starting HTTP/2 POST http://ilpp/UnityILPP.PostProcessing/ConfigurePostProcessors application/grpc -
info: Microsoft.AspNetCore.Routing.EndpointMiddleware[0]
      Executing endpoint 'gRPC - /UnityILPP.PostProcessing/ConfigurePostProcessors'
warn: Unity.ILPP.Runner.PostProcessingAssemblyLoadContext[0]
      Assembly system.runtime.interopservices.windowsruntime has duplicate hint path. Ignoring "C:\Program Files\Unity\Hub\Editor\6000.3.10f1\Editor\Data\UnityReferenceAssemblies\unity-4.8-api\Facades\System.Runtime.InteropServices.WindowsRuntime.dll" in favor of "C:\Program Files\Unity\Hub\Editor\6000.3.10f1\Editor\Data\NetStandard\Extensions\2.0.0\System.Runtime.InteropServices.WindowsRuntime.dll"
warn: Unity.ILPP.Runner.PostProcessingAssemblyLoadContext[0]
      Assembly system.componentmodel.composition has duplicate hint path. Ignoring "C:\Program Files\Unity\Hub\Editor\6000.3.10f1\Editor\Data\UnityReferenceAssemblies\unity-4.8-api\System.ComponentModel.Composition.dll" in favor of "C:\Program Files\Unity\Hub\Editor\6000.3.10f1\Editor\Data\NetStandard\compat\2.1.0\shims\netfx\System.ComponentModel.Composition.dll"
info: Unity.ILPP.Runner.PostProcessingAssemblyLoadContext[0]
      Resolved Unity.Burst.Cecil, Version=0.11.4.0, Culture=neutral, PublicKeyToken=50cebf1cceb9d05e with Library\PackageCache\com.unity.burst@07790c2d06d9\Unity.Burst.CodeGen\Unity.Burst.Cecil.dll
info: Unity.ILPP.Runner.PostProcessingAssemblyLoadContext[0]
      Resolved Mono.Cecil, Version=0.11.5.0, Culture=neutral, PublicKeyToken=50cebf1cceb9d05e with Library\PackageCache\com.unity.nuget.mono-cecil@ecb9724e46ff\Mono.Cecil.dll
info: Microsoft.AspNetCore.Routing.EndpointMiddleware[1]
      Executed endpoint 'gRPC - /UnityILPP.PostProcessing/ConfigurePostProcessors'
info: Microsoft.AspNetCore.Hosting.Diagnostics[2]
      Request finished HTTP/2 POST http://ilpp/UnityILPP.PostProcessing/ConfigurePostProcessors application/grpc - - 200 - application/grpc 29.6646ms
DisplayProgressbar: Compiling Scripts
Starting: C:\Program Files\Unity\Hub\Editor\6000.3.10f1\Editor\Data\netcorerun\netcorerun.exe "C:\Program Files\Unity\Hub\Editor\6000.3.10f1\Editor\Data\Tools\BuildPipeline\ScriptCompilationBuildProgram.exe" "Library/Bee/1900b0aEDbg.dag.json" "Library/Bee/1900b0aEDbg-inputdata.json" "Library\Bee\buildprogram0.traceevents"
WorkingDir: D:/Personal/Repositries/VTuberSystemBase
ExitCode: 4 Duration: 0s150ms
[592/749    0s] ILPP-Configuration Library/ilpp-configuration.nevergeneratedoutput
Rebuilding DAG because FileSignature timestamp changed: Library/Bee/1900b0aEDbg-inputdata.json
*** Tundra requires additional run (0.13 seconds), 1 items updated, 749 evaluated
ExitCode: 0 Duration: 0s338ms
Starting: C:\Program Files\Unity\Hub\Editor\6000.3.10f1\Editor\Data\Tools\BuildPipeline\bee_backend.exe --ipc --defer-dag-verification --dagfile="Library/Bee/1900b0aEDbg.dag" --continue-on-failure --dagfilejson="Library\Bee\1900b0aEDbg.dag.json" --profile="Library/Bee/backend2.traceevents" ScriptAssemblies
WorkingDir: D:/Personal/Repositries/VTuberSystemBase
info: Microsoft.AspNetCore.Hosting.Diagnostics[1]
      Request starting HTTP/2 POST http://ilpp/UnityILPP.PostProcessing/ConfigurePostProcessors application/grpc -
info: Microsoft.AspNetCore.Routing.EndpointMiddleware[0]
      Executing endpoint 'gRPC - /UnityILPP.PostProcessing/ConfigurePostProcessors'
info: Unity.ILPP.Runner.PostProcessingAssemblyLoadContext[0]
      Current configuration matches the requested one, skipping
info: Microsoft.AspNetCore.Routing.EndpointMiddleware[1]
      Executed endpoint 'gRPC - /UnityILPP.PostProcessing/ConfigurePostProcessors'
info: Microsoft.AspNetCore.Hosting.Diagnostics[2]
      Request finished HTTP/2 POST http://ilpp/UnityILPP.PostProcessing/ConfigurePostProcessors application/grpc - - 200 - application/grpc 1.0929ms
info: Microsoft.AspNetCore.Hosting.Diagnostics[1]
      Request starting HTTP/2 POST http://ilpp/UnityILPP.PostProcessing/PostProcessAssembly application/grpc -
info: Microsoft.AspNetCore.Routing.EndpointMiddleware[0]
      Executing endpoint 'gRPC - /UnityILPP.PostProcessing/PostProcessAssembly'
info: Unity.ILPP.Runner.PostProcessingPipeline[0]
      Processing assembly Library/Bee/artifacts/1900b0aEDbg.dag/UiToolkitShell.CommonUi.dll, with 138 defines and 244 references
info: Unity.ILPP.Runner.PostProcessingPipeline[0]
      processors: Unity.Jobs.CodeGen.JobsILPostProcessor, zzzUnity.Burst.CodeGen.BurstILPostProcessor
info: Unity.ILPP.Runner.PostProcessingPipeline[0]
      running Unity.Jobs.CodeGen.JobsILPostProcessor
info: Unity.ILPP.Runner.PostProcessingPipeline[0]
      running zzzUnity.Burst.CodeGen.BurstILPostProcessor
info: Microsoft.AspNetCore.Routing.EndpointMiddleware[1]
      Executed endpoint 'gRPC - /UnityILPP.PostProcessing/PostProcessAssembly'
info: Microsoft.AspNetCore.Hosting.Diagnostics[2]
      Request finished HTTP/2 POST http://ilpp/UnityILPP.PostProcessing/PostProcessAssembly application/grpc - - 200 - application/grpc 8.8731ms
info: Microsoft.AspNetCore.Hosting.Diagnostics[1]
      Request starting HTTP/2 POST http://ilpp/UnityILPP.PostProcessing/PostProcessAssembly application/grpc -
info: Microsoft.AspNetCore.Routing.EndpointMiddleware[0]
      Executing endpoint 'gRPC - /UnityILPP.PostProcessing/PostProcessAssembly'
info: Unity.ILPP.Runner.PostProcessingPipeline[0]
      Processing assembly Library/Bee/artifacts/1900b0aEDbg.dag/UiToolkitShell.Tests.dll, with 136 defines and 272 references
info: Unity.ILPP.Runner.PostProcessingPipeline[0]
      processors: Unity.Jobs.CodeGen.JobsILPostProcessor, zzzUnity.Burst.CodeGen.BurstILPostProcessor
info: Unity.ILPP.Runner.PostProcessingPipeline[0]
      running Unity.Jobs.CodeGen.JobsILPostProcessor
info: Unity.ILPP.Runner.PostProcessingPipeline[0]
      running zzzUnity.Burst.CodeGen.BurstILPostProcessor
info: Microsoft.AspNetCore.Routing.EndpointMiddleware[1]
      Executed endpoint 'gRPC - /UnityILPP.PostProcessing/PostProcessAssembly'
info: Microsoft.AspNetCore.Hosting.Diagnostics[2]
      Request finished HTTP/2 POST http://ilpp/UnityILPP.PostProcessing/PostProcessAssembly application/grpc - - 200 - application/grpc 1.6827ms
ExitCode: 0 Duration: 1s932ms
Finished compiling graph: 753 nodes, 11938 flattened edges (9968 ToBuild, 116 ToUse), maximum node priority 769
[416/749    0s] WriteText Library/Bee/artifacts/1900b0aEDbg.dag/UiToolkitShell.CommonUi.rsp
[430/749    0s] WriteText Library/Bee/artifacts/1900b0aEDbg.dag/UiToolkitShell.Tests.rsp
[590/749    0s] ILPP-Configuration Library/ilpp-configuration.nevergeneratedoutput
[741/749    0s] Csc Library/Bee/artifacts/1900b0aEDbg.dag/UiToolkitShell.CommonUi.dll (+2 others)
Packages\jp.hidano.vtuber-system-base.ui-toolkit-shell\Runtime.CommonUi\Controls\VsbColorPicker.cs(174,40): warning CS0618: 'UxmlFactory<VsbColorPicker, VsbColorPicker.UxmlTraits>' is obsolete: 'UxmlFactory<TCreatedType, TTraits> is deprecated and will be removed. Use UxmlElementAttribute instead.'

Packages\jp.hidano.vtuber-system-base.ui-toolkit-shell\Runtime.CommonUi\Controls\VsbSlider.cs(200,40): warning CS0618: 'UxmlFactory<VsbSlider, VsbSlider.UxmlTraits>' is obsolete: 'UxmlFactory<TCreatedType, TTraits> is deprecated and will be removed. Use UxmlElementAttribute instead.'

Packages\jp.hidano.vtuber-system-base.ui-toolkit-shell\Runtime.CommonUi\Controls\VsbSlider.cs(207,39): warning CS0618: 'VisualElement.UxmlTraits' is obsolete: 'UxmlTraits is deprecated and will be removed. Use UxmlElementAttribute instead.'

Packages\jp.hidano.vtuber-system-base.ui-toolkit-shell\Runtime.CommonUi\Controls\VsbColorPicker.cs(182,39): warning CS0618: 'VisualElement.UxmlTraits' is obsolete: 'UxmlTraits is deprecated and will be removed. Use UxmlElementAttribute instead.'
[           0s] Csc Library/Bee/artifacts/1900b0aEDbg.dag/UiToolkitShell.CommonUi.dll (+2 others) [CacheWrite 00000000000000000000000000000005]
[742/749    0s] ILPostProcess Library/Bee/artifacts/1900b0aEDbg.dag/post-processed/UiToolkitShell.CommonUi.dll (+pdb)
Processing assembly Library/Bee/artifacts/1900b0aEDbg.dag/UiToolkitShell.CommonUi.dll, with 138 defines and 244 references

processors: Unity.Jobs.CodeGen.JobsILPostProcessor, zzzUnity.Burst.CodeGen.BurstILPostProcessor

running Unity.Jobs.CodeGen.JobsILPostProcessor

running zzzUnity.Burst.CodeGen.BurstILPostProcessor
[743/749    0s] CopyFiles Library/ScriptAssemblies/UiToolkitShell.CommonUi.pdb
[744/749    0s] CopyFiles Library/ScriptAssemblies/UiToolkitShell.CommonUi.dll
[745/749    0s] Csc Library/Bee/artifacts/1900b0aEDbg.dag/UiToolkitShell.Tests.dll (+2 others)
[           0s] Csc Library/Bee/artifacts/1900b0aEDbg.dag/UiToolkitShell.Tests.dll (+2 others) [CacheWrite 00000000000000000000000000000005]
[746/749    0s] ILPostProcess Library/Bee/artifacts/1900b0aEDbg.dag/post-processed/UiToolkitShell.Tests.dll (+pdb)
Processing assembly Library/Bee/artifacts/1900b0aEDbg.dag/UiToolkitShell.Tests.dll, with 136 defines and 272 references

processors: Unity.Jobs.CodeGen.JobsILPostProcessor, zzzUnity.Burst.CodeGen.BurstILPostProcessor

running Unity.Jobs.CodeGen.JobsILPostProcessor

running zzzUnity.Burst.CodeGen.BurstILPostProcessor
[747/749    0s] CopyFiles Library/ScriptAssemblies/UiToolkitShell.Tests.pdb
[748/749    0s] CopyFiles Library/ScriptAssemblies/UiToolkitShell.Tests.dll
*** Tundra build success (1.92 seconds), 11 items updated, 749 evaluated
Packages\jp.hidano.vtuber-system-base.ui-toolkit-shell\Runtime.CommonUi\Controls\VsbColorPicker.cs(174,40): warning CS0618: 'UxmlFactory<VsbColorPicker, VsbColorPicker.UxmlTraits>' is obsolete: 'UxmlFactory<TCreatedType, TTraits> is deprecated and will be removed. Use UxmlElementAttribute instead.'
Packages\jp.hidano.vtuber-system-base.ui-toolkit-shell\Runtime.CommonUi\Controls\VsbSlider.cs(200,40): warning CS0618: 'UxmlFactory<VsbSlider, VsbSlider.UxmlTraits>' is obsolete: 'UxmlFactory<TCreatedType, TTraits> is deprecated and will be removed. Use UxmlElementAttribute instead.'
Packages\jp.hidano.vtuber-system-base.ui-toolkit-shell\Runtime.CommonUi\Controls\VsbSlider.cs(207,39): warning CS0618: 'VisualElement.UxmlTraits' is obsolete: 'UxmlTraits is deprecated and will be removed. Use UxmlElementAttribute instead.'
Packages\jp.hidano.vtuber-system-base.ui-toolkit-shell\Runtime.CommonUi\Controls\VsbColorPicker.cs(182,39): warning CS0618: 'VisualElement.UxmlTraits' is obsolete: 'UxmlTraits is deprecated and will be removed. Use UxmlElementAttribute instead.'
AssetDatabase: script compilation time: 2.745897s
Begin MonoManager ReloadAssembly
- Loaded All Assemblies, in  0.821 seconds
Refreshing native plugins compatible for Editor in 0.10 ms, found 0 plugins.
Native extension for WindowsStandalone target not found
ScheduleIndexationOnStartup MainProcess:True IndexOnStartup:False
Mono: successfully reloaded assembly
- Finished resetting the current domain, in  2.679 seconds
Domain Reload Profiling: 3499ms
	BeginReloadAssembly (241ms)
		ExecutionOrderSort (0ms)
		DisableScriptedObjects (7ms)
		BackupInstance (0ms)
		ReleaseScriptingObjects (0ms)
		CreateAndSetChildDomain (144ms)
	RebuildCommonClasses (23ms)
	RebuildNativeTypeToScriptingClass (8ms)
	initialDomainReloadingComplete (16ms)
	LoadAllAssembliesAndSetupDomain (531ms)
		LoadAssemblies (499ms)
		RebuildTransferFunctionScriptingTraits (0ms)
		AnalyzeDomain (95ms)
			TypeCache.Refresh (67ms)
				TypeCache.ScanAssembly (61ms)
			BuildScriptInfoCaches (21ms)
			ResolveRequiredComponents (5ms)
	FinalizeReload (2680ms)
		ReleaseScriptCaches (0ms)
		RebuildScriptCaches (0ms)
		SetupLoadedEditorAssemblies (2584ms)
			LogAssemblyErrors (0ms)
			InitializePlatformSupportModulesInManaged (13ms)
			SetLoadedEditorAssemblies (4ms)
			BeforeProcessingInitializeOnLoad (139ms)
			ProcessInitializeOnLoadAttributes (2379ms)
			ProcessInitializeOnLoadMethodAttributes (46ms)
			AfterProcessingInitializeOnLoad (2ms)
			EditorAssembliesLoaded (0ms)
		ExecutionOrderSort2 (0ms)
		AwakeInstancesAfterBackupRestoration (4ms)
Start importing Packages/jp.hidano.vtuber-system-base.ui-toolkit-shell/Runtime.CommonUi/Controls/VsbColorPicker.uss using Guid(26876ff74960cd74e9a3f50cf2b3e057) (ScriptedImporter) -> (artifact id: '1b20b799104590fc335b57174af72e4d') in 0.045532 seconds
Start importing Packages/jp.hidano.vtuber-system-base.ui-toolkit-shell/Runtime.CommonUi/Controls/VsbColorPicker.uxml using Guid(a9a39e0a7d4f2e84b9baa8376e9e891a) (ScriptedImporter): Syntax - Xml is not valid, exception during parsing: System.Xml.XmlException: An XML comment cannot contain '--', and '-' cannot be the last character. Line 8, position 19.
  at System.Xml.XmlTextReaderImpl.Throw (System.Exception e) [0x00027] in <427707fe8c7a46f5a4a64fa13b05bdcf>:0 
  at System.Xml.XmlTextReaderImpl.Throw (System.String res, System.String arg) [0x00029] in <427707fe8c7a46f5a4a64fa13b05bdcf>:0 
  at System.Xml.XmlTextReaderImpl.Throw (System.Int32 pos, System.String res) [0x0000c] in <427707fe8c7a46f5a4a64fa13b05bdcf>:0 
  at System.Xml.XmlTextReaderImpl.ParseCDataOrComment (System.Xml.XmlNodeType type, System.Int32& outStartPos, System.Int32& outEndPos) [0x000f5] in <427707fe8c7a46f5a4a64fa13b05bdcf>:0 
  at System.Xml.XmlTextReaderImpl.ParseCDataOrComment (System.Xml.XmlNodeType type) [0x0002c] in <427707fe8c7a46f5a4a64fa13b05bdcf>:0 
  at System.Xml.XmlTextReaderImpl.ParseComment () [0x00026] in <427707fe8c7a46f5a4a64fa13b05bdcf>:0 
  at System.Xml.XmlTextReaderImpl.ParseDocumentContent () [0x000a9] in <427707fe8c7a46f5a4a64fa13b05bdcf>:0 
  at System.Xml.XmlTextReaderImpl.Read () [0x0008c] in <427707fe8c7a46f5a4a64fa13b05bdcf>:0 
  at System.Xml.Linq.XDeclaration..ctor (System.Xml.XmlReader r) [0x00039] in <3b48801d9db8419c816e6078ca43d4e0>:0 
  at System.Xml.Linq.XDocument.InitLoad (System.Xml.XmlReader reader, System.Xml.Linq.LoadOptions options) [0x00054] in <3b48801d9db8419c816e6078ca43d4e0>:0 
  at System.Xml.Linq.XDocument.Load (System.Xml.XmlReader reader, System.Xml.Linq.LoadOptions options) [0x0001d] in <3b48801d9db8419c816e6078ca43d4e0>:0 
  at System.Xml.Linq.XDocument.Load (System.String uri, System.Xml.Linq.LoadOptions options) [0x0000f] in <3b48801d9db8419c816e6078ca43d4e0>:0 
  at UnityEditor.UIElements.UXMLImporterImpl.ImportXml (System.String xmlPath, UnityEngine.UIElements.VisualTreeAsset& vta) [0x00012] in <53fac3fb330f48da95115faf301c9f69>:0 
 -> (artifact id: 'd038a70418f727875d91684ae9e1640d') in 0.0164032 seconds
Refreshing native plugins compatible for Editor in 0.11 ms, found 0 plugins.
Preloading 0 native plugins for Editor in 0.00 ms.
Asset Pipeline Refresh (id=20cc4acb6f9e7b24e94c86f6386244d4): Total: 6.944 seconds - Initiated by InitialRefreshV2(ForceSynchronousImport)
	Summary:
		Imports: total=2 (actual=2, local cache=0, cache server=0)
		Asset DB Process Time: managed=1 ms, native=3078 ms
		Asset DB Callback time: managed=229 ms, native=12 ms
		Scripting: domain reloads=1, domain reload time=821 ms, compile time=2747 ms, other=54 ms
		Project Asset Count: scripts=877, non-scripts=1591
		Asset File Changes: new=4, changed=4, moved=0, deleted=0
		Scan Filter Count: 0
	InvokeCustomDependenciesCallbacks: 0.001ms
	InvokePackagesCallback: 12.294ms
	ApplyChangesToAssetFolders: 0.403ms
	Scan: 88.614ms
	OnSourceAssetsModified: 0.552ms
	CategorizeAssetsWithTransientArtifact: 12.836ms
	ProcessAssetsWithTransientArtifactChanges: 28.527ms
	CategorizeAssets: 26.131ms
	ImportOutOfDateAssets: 2827.102ms (-64.411ms without children)
		ImportManagerImport: 143.468ms (81.199ms without children)
			ImportInProcess: 62.246ms
			UpdateCategorizedAssets: 0.023ms
		CompileScripts: 2746.610ms
		ReloadNativeAssets: 0.001ms
		UnloadImportedAssets: 0.923ms
		ReloadImportedAssets: 0.000ms
		EnsureUptoDateAssetsAreRegisteredWithGuidPM: 0.237ms
		InitializingProgressBar: 0.005ms
		PostProcessAllAssetNotificationsAddChangedAssets: 0.001ms
		OnDemandSchedulerStart: 0.269ms
	PostProcessAllAssets: 228.960ms
	Hotreload: 1.400ms
	GatherAllCurrentPrimaryArtifactRevisions: 0.002ms
	UnloadStreamsBegin: 1.740ms
	PersistCurrentRevisions: 0.096ms
	UnloadStreamsEnd: 0.001ms
	GenerateScriptTypeHashes: 1.560ms
	Untracked: 3715.367ms

Application.AssetDatabase Initial Refresh End
Scanning for USB devices : 4.091ms
Initializing Unity extensions:
[MODES] ModeService[none].Initialize
[MODES] ModeService[none].LoadModes
[MODES] Loading mode Default (0) for mode-current-id-VTuberSystemBase
Unloading 92 Unused Serialized files (Serialized files now loaded: 0)
Unloading 4055 unused Assets / (1.9 MB). Loaded Objects now: 4824.
Memory consumption went from 167.0 MB to 165.1 MB.
Total: 6.036400 ms (FindLiveObjects: 0.267500 ms CreateObjectMapping: 0.114100 ms MarkObjects: 4.826500 ms  DeleteObjects: 0.827500 ms)

Microsoft Media Foundation video decoding to texture disabled: graphics device is Null, only Direct3D 11 and Direct3D 12 (only on desktop) are supported for hardware-accelerated video decoding.
[Project] Loading completed in 8.576 seconds
	Project init time: 				8.309 seconds
		Template init time: 		0.000 seconds
		Package Manager init time: 		0.364 seconds
		Asset Database init time: 		0.140 seconds
		Global illumination init time: 	0.002 seconds
		Assemblies load time: 			0.531 seconds
		Unity extensions init time: 	0.003 seconds
		Asset Database refresh time: 	6.944 seconds
	Scene opening time: 			0.082 seconds
##utp:{"type":"ProjectInfo","version":2,"phase":"Immediate","time":1777142896603,"processId":39376,"projectLoad":8.576495000000002,"projectInit":8.3094928,"templateInit":0.0,"packageManagerInit":0.3637184,"assetDatabaseInit":0.1397809,"globalIlluminationInit":0.0021352,"assembliesLoad":0.5308799,"unityExtensionsInit":0.0032118,"assetDatabaseRefresh":6.9441892,"sceneOpening":0.0815053}
##utp:{"type":"EditorInfo","version":2,"phase":"Immediate","time":1777142896603,"processId":39376,"editorVersion":"6000.3.10f1 (e35f0c77bd8e)","branch":"6000.3/staging","buildType":"Release","platform":"Windows"}
Asset Pipeline Refresh (id=1babcb786ac9320499401eaeba293de1): Total: 0.024 seconds - Initiated by RefreshV2(NoUpdateAssetOptions)
Running tests for ExecutionSettings with details:
targetPlatform = 
playerHeartbeatTimeout = 600
filters[0] = 
   Filter with settings:
   testMode = EditMode
   targetPlatform = 
   testNames = null
   groupNames = VTuberSystemBase.UiToolkitShell.Tests.Runtime.VsbColorPickerTests
   categoryNames = null
   assemblyNames = null
ignoreTests = {}
featureFlags = null

UnityEngine.Debug:ExtractStackTraceNoAlloc (byte*,int,string)
UnityEngine.StackTraceUtility:ExtractStackTrace ()
UnityEngine.DebugLogHandler:Internal_Log (UnityEngine.LogType,UnityEngine.LogOption,string,UnityEngine.Object)
UnityEngine.DebugLogHandler:LogFormat (UnityEngine.LogType,UnityEngine.Object,string,object[])
UnityEngine.Logger:Log (UnityEngine.LogType,object)
UnityEngine.Debug:Log (object)
UnityEditor.TestTools.TestRunner.CommandLineTest.Executer:InitializeAndExecuteRun (string[]) (at ./Library/PackageCache/com.unity.test-framework@0b7a23ab2e1d/UnityEditor.TestRunner/CommandLineTest/Executer.cs:53)
UnityEditor.TestTools.TestRunner.CommandLineTest.TestStarter:InitializeAndExecuteRun () (at ./Library/PackageCache/com.unity.test-framework@0b7a23ab2e1d/UnityEditor.TestRunner/CommandLineTest/TestStarter.cs:64)
UnityEditor.EditorApplication:Internal_CallUpdateFunctions ()

(Filename: ./Library/PackageCache/com.unity.test-framework@0b7a23ab2e1d/UnityEditor.TestRunner/CommandLineTest/Executer.cs Line: 53)

[UnityConnectServicesConfig] config is NOT valid, switching to default
Created GICache directory at C:/Users/Hidano/AppData/LocalLow/Unity/Caches/GiCache. Took: 0.005s, timestamps: [8.578 - 8.583]
Unloading 1 Unused Serialized files (Serialized files now loaded: 0)
Unloading 1 unused Assets / (44.7 KB). Loaded Objects now: 4866.
Memory consumption went from 149.5 MB to 149.4 MB.
Total: 5.864300 ms (FindLiveObjects: 0.143200 ms CreateObjectMapping: 0.044500 ms MarkObjects: 5.658300 ms  DeleteObjects: 0.017800 ms)

Executing IPrebuildSetup for: Unity.PerformanceTesting.Editor.TestRunBuilder.
UnityEngine.Debug:ExtractStackTraceNoAlloc (byte*,int,string)
UnityEngine.StackTraceUtility:ExtractStackTrace ()
UnityEngine.DebugLogHandler:Internal_Log (UnityEngine.LogType,UnityEngine.LogOption,string,UnityEngine.Object)
UnityEngine.DebugLogHandler:LogFormat (UnityEngine.LogType,UnityEngine.Object,string,object[])
UnityEngine.Logger:Log (UnityEngine.LogType,object)
UnityEngine.Debug:Log (object)
UnityEditor.TestTools.TestRunner.TestRun.Tasks.BuildActionTaskBase`1/<ExecuteMethods>d__8<UnityEngine.TestTools.IPrebuildSetup>:MoveNext () (at ./Library/PackageCache/com.unity.test-framework@0b7a23ab2e1d/UnityEditor.TestRunner/TestRun/Tasks/BuildActionTaskBase.cs:48)
UnityEditor.TestTools.TestRunner.TestRun.Tasks.BuildActionTaskBase`1/<Execute>d__7<UnityEngine.TestTools.IPrebuildSetup>:MoveNext () (at ./Library/PackageCache/com.unity.test-framework@0b7a23ab2e1d/UnityEditor.TestRunner/TestRun/Tasks/BuildActionTaskBase.cs:34)
UnityEditor.TestTools.TestRunner.TestRun.TestJobRunner:ExecuteStep () (at ./Library/PackageCache/com.unity.test-framework@0b7a23ab2e1d/UnityEditor.TestRunner/TestRun/TestJobRunner.cs:173)
UnityEditor.TestTools.TestRunner.TestRun.TestJobRunner:ExecuteCallback () (at ./Library/PackageCache/com.unity.test-framework@0b7a23ab2e1d/UnityEditor.TestRunner/TestRun/TestJobRunner.cs:108)
UnityEditor.EditorApplication:Internal_CallUpdateFunctions ()

(Filename: ./Library/PackageCache/com.unity.test-framework@0b7a23ab2e1d/UnityEditor.TestRunner/TestRun/Tasks/BuildActionTaskBase.cs Line: 48)

Saving results to: C:/Users/Hidano/AppData/LocalLow/DefaultCompany/VTuberSystemBase\TestResults.xml
Saving results to: .kiro/specs/ui-toolkit-shell/run-logs/task-7.2-editmode-results.xml
Executing IPostBuildCleanup for: Unity.PerformanceTesting.Editor.TestRunBuilder.
UnityEngine.Debug:ExtractStackTraceNoAlloc (byte*,int,string)
UnityEngine.StackTraceUtility:ExtractStackTrace ()
UnityEngine.DebugLogHandler:Internal_Log (UnityEngine.LogType,UnityEngine.LogOption,string,UnityEngine.Object)
UnityEngine.DebugLogHandler:LogFormat (UnityEngine.LogType,UnityEngine.Object,string,object[])
UnityEngine.Logger:Log (UnityEngine.LogType,object)
UnityEngine.Debug:Log (object)
UnityEditor.TestTools.TestRunner.TestRun.Tasks.BuildActionTaskBase`1/<ExecuteMethods>d__8<UnityEngine.TestTools.IPostBuildCleanup>:MoveNext () (at ./Library/PackageCache/com.unity.test-framework@0b7a23ab2e1d/UnityEditor.TestRunner/TestRun/Tasks/BuildActionTaskBase.cs:48)
UnityEditor.TestTools.TestRunner.TestRun.Tasks.BuildActionTaskBase`1/<Execute>d__7<UnityEngine.TestTools.IPostBuildCleanup>:MoveNext () (at ./Library/PackageCache/com.unity.test-framework@0b7a23ab2e1d/UnityEditor.TestRunner/TestRun/Tasks/BuildActionTaskBase.cs:34)
UnityEditor.TestTools.TestRunner.TestRun.TestJobRunner:ExecuteStep () (at ./Library/PackageCache/com.unity.test-framework@0b7a23ab2e1d/UnityEditor.TestRunner/TestRun/TestJobRunner.cs:173)
UnityEditor.TestTools.TestRunner.TestRun.TestJobRunner:ExecuteCallback () (at ./Library/PackageCache/com.unity.test-framework@0b7a23ab2e1d/UnityEditor.TestRunner/TestRun/TestJobRunner.cs:108)
UnityEditor.EditorApplication:Internal_CallUpdateFunctions ()

(Filename: ./Library/PackageCache/com.unity.test-framework@0b7a23ab2e1d/UnityEditor.TestRunner/TestRun/Tasks/BuildActionTaskBase.cs Line: 48)

Asset Pipeline Refresh (id=de4acd606f3d992449158b65f1fc7b2a): Total: 0.003 seconds - Initiated by RefreshV2(NoUpdateAssetOptions)
Unloading 0 Unused Serialized files (Serialized files now loaded: 0)
Unloading 1 unused Assets / (0.8 KB). Loaded Objects now: 4867.
Memory consumption went from 189.7 MB to 189.7 MB.
Total: 6.076100 ms (FindLiveObjects: 0.136600 ms CreateObjectMapping: 0.045500 ms MarkObjects: 5.872900 ms  DeleteObjects: 0.020200 ms)

DisplayProgressbar: Undo
Test run completed. Exiting with code 0 (Ok). Run completed.
UnityEngine.Debug:ExtractStackTraceNoAlloc (byte*,int,string)
UnityEngine.StackTraceUtility:ExtractStackTrace ()
UnityEngine.DebugLogHandler:Internal_Log (UnityEngine.LogType,UnityEngine.LogOption,string,UnityEngine.Object)
UnityEngine.DebugLogHandler:LogFormat (UnityEngine.LogType,UnityEngine.Object,string,object[])
UnityEngine.Logger:Log (UnityEngine.LogType,object)
UnityEngine.Debug:Log (object)
UnityEditor.TestTools.TestRunner.CommandLineTest.Executer:ExitApplication (UnityEditor.TestTools.TestRunner.CommandLineTest.Executer/ReturnCodes,string) (at ./Library/PackageCache/com.unity.test-framework@0b7a23ab2e1d/UnityEditor.TestRunner/CommandLineTest/Executer.cs:81)
UnityEditor.TestTools.TestRunner.CommandLineTest.Executer:ExitIfRunIsCompleted () (at ./Library/PackageCache/com.unity.test-framework@0b7a23ab2e1d/UnityEditor.TestRunner/CommandLineTest/Executer.cs:74)
UnityEditor.EditorApplication:Internal_CallUpdateFunctions ()

(Filename: ./Library/PackageCache/com.unity.test-framework@0b7a23ab2e1d/UnityEditor.TestRunner/CommandLineTest/Executer.cs Line: 81)

[Physics::Module] Cleanup current backend.
[Physics::Module] Id: 0xf2b8ea05
Input System module state changed to: ShutdownInProgress.
Input System polling thread exited.
Input System module state changed to: Shutdown.
[Licensing::IpcConnector] LicenseClient-Hidano-notifications channel disconnected successfully.
[Licensing::IpcConnector] LicenseClient-Hidano channel disconnected successfully.
AcceleratorClientConnectionCallback - disconnected - :0
Cleanup mono
03:48:18.304 |V| RiderPlugin                    | :1                             | AppDomain.CurrentDomain.DomainUnload lifetimeDefinition.Terminate
abort_threads: Failed aborting id: 000000000000146C, mono_thread_manage will ignore it

abort_threads: Failed aborting id: 000000000000F7F0, mono_thread_manage will ignore it

abort_threads: Failed aborting id: 000000000000146C, mono_thread_manage will ignore it

abort_threads: Failed aborting id: 000000000000F7F0, mono_thread_manage will ignore it

debugger-agent: Unable to listen on 3740
Checking for leaked weakptr:
  Found no leaked weakptrs.
[Package Manager] Server process was shutdown
##utp:{"type":"MemoryLeaks","version":2,"phase":"Immediate","time":1777142898440,"processId":39376,"allocatedMemory":12403890,"memoryLabels":[{"Default":14409},{"Permanent":15236},{"NewDelete":67715},{"Thread":4230344},{"Manager":50901},{"VertexData":8},{"Geometry":816},{"Texture":296},{"Shader":79381},{"Material":24},{"GfxDevice":55257},{"Animation":392},{"Audio":2664},{"FreeType":8},{"FontEngine":736},{"Physics":2090},{"Physics2D":16},{"Serialization":656},{"Input":14984},{"JobScheduler":33024},{"TextLib":216},{"Mono":32},{"MonoCode":64},{"ScriptingNativeRuntime":155060},{"BaseObject":1620208},{"Resource":1336},{"Renderer":3000},{"Transform":4685},{"File":1016},{"WebCam":616},{"Culling":32},{"Terrain":11394},{"Wind":24},{"STL":40},{"String":13521},{"DynamicArray":98113},{"HashMap":67867},{"Utility":2662998},{"Curl":2559},{"PoolAlloc":2152},{"AI":80},{"TypeTree":5341},{"ScriptManager":512},{"RuntimeInitializeOnLoadManager":64},{"SpriteAtlas":112},{"GI":7792},{"Director":8240},{"CloudService":288},{"WebRequest":808},{"VR":47994},{"SceneManager":504},{"Video":64},{"LazyScriptCache":32},{"Camera":17},{"Secure":2113},{"SerializationCache":1576},{"APIUpdating":10320},{"Subsystems":336},{"VirtualTexturing":57888},{"StaticSafetyDebugInfo":278528},{"Analytics":256},{"Hierarchy":608},{"CoreStats":13032},{"Identifiers":12960},{"Gui":96},{"EditorUtility":110845},{"VersionControl":4},{"Undo":947},{"AssetDatabase":2583865},{"EditorGi":328},{"UnityConnect":29232},{"Upm":1896},{"AssetCompliance":64},{"DrivenProperties":72},{"LocalIPC":212},{"ProfilerEditor":9746},{"CoreBusinessMetrics":2604},{"Licensing":664},{"AssetReference":32},{"IPCStream":32}]}
