OK
8.1 LoopbackRoundTrip / CoalesceSemantics / FifoOrdering / RequestTimeout 統合テスト — run log

Date: 2026-04-25
Unity: 6000.3.10f1

Summary:
本タスクは、Wave 1 の検証フェーズ第 1 弾として、`InMemoryLoopbackTransport`
を介して `CoreIpcRuntimeHost` を端から端まで通電させ、state coalesce /
event FIFO / Request タイムアウト（既定および `RequestOptions.Timeout` 上書き）
の 4 系統を PlayMode テストで検証可能にした。`tasks.md` の Boundary 指定
（LoopbackRoundTripTests / CoalesceSemanticsTests / FifoOrderingTests /
RequestTimeoutTests）に揃え、各系統を独立した [TestFixture] として配置した。

Created files:
- Packages/com.vtuber-system-base.core-ipc-foundation/Tests/Runtime/TestSupport/LoopbackIntegrationHarness.cs
    InMemoryLoopbackTransport を transportFactory に注入した
    `CoreIpcRuntimeHost` を生成する `NewLoopbackHost` と、Connection.Connected
    まで待つ `WaitForConnected` / `InitializeAndAwaitConnected` 等の共通
    ヘルパを TestSupport に集約。各統合テストの前置きをワンライナー化する。
- Packages/com.vtuber-system-base.core-ipc-foundation/Tests/Runtime/LoopbackRoundTripTests.cs
    `[UnityTest]` 3 本：state / event / request-response の自己ループ往復を
    `InMemoryLoopbackTransport` 経由で検証（Req 1.1, 1.3, 1.4, 1.5, 8.1）。
    - StateRoundTrip_DeliversToSubscriber_OverInMemoryLoopback
    - EventRoundTrip_DeliversToSubscriber_OverInMemoryLoopback
    - RequestResponseRoundTrip_CompletesViaCorrelation_OverInMemoryLoopback
- Packages/com.vtuber-system-base.core-ipc-foundation/Tests/Runtime/CoalesceSemanticsTests.cs
    `[UnityTest]` 1 本：同一 topic の state を 100 件連続発行し、最新値（99）
    が必ず購読ハンドラに届きつつ、合計配信回数が 100 を下回ること
    （= 1 フレームあたり最新 1 件のみに coalesce されること）を検証
    （Req 9.1, 9.4, 8.2）。
- Packages/com.vtuber-system-base.core-ipc-foundation/Tests/Runtime/FifoOrderingTests.cs
    `[UnityTest]` 1 本：同一 topic の event を 1000 件連続発行し、購読
    ハンドラが送信順と完全一致する FIFO 順で全件を受信することを検証
    （Req 1.4, 9.2, 8.2）。`EventQueueWarningThresholdPerTopic` を 1001 に
    設定して、想定範囲内の警告が出ないことも担保。
- Packages/com.vtuber-system-base.core-ipc-foundation/Tests/Runtime/RequestTimeoutTests.cs
    既定 5 秒の defaults 値を `[Test]` で固定し（DefaultRequestTimeoutValue_IsFiveSeconds）、
    `[UnityTest]` 2 本でハンドラ未登録の Request が
      (1) `CoreIpcOptions.DefaultRequestTimeout` の値で `RequestTimeout`
          に倒れること、
      (2) `RequestOptions.Timeout` 上書きで既定よりも先にタイムアウト
          すること
    をそれぞれ検証（Req 1.5, 9.3, 8.2）。タイムアウト値はテスト実行時間
    短縮のため 250〜300 ms に設定し、`CoreIpcError.RequestTimeout.Elapsed`
    が指定値と一致することまで確認。

Modified files:
- .kiro/specs/core-ipc-foundation/tasks.md
    8.1 のチェックボックスを `[x]` にトグル。

Test coverage map:

EditMode (Tests.Editor) — 353 tests passed
（既存 EditMode 群の追加・改変なし。本タスクの新規テストは Tests.Runtime
asmdef の PlayMode 系として配置したため、EditMode 件数は task-7.2 と同値）。

PlayMode (Tests.Runtime) — 33 tests passed:
- LoopbackRoundTripTests（新規 3 本、本タスクで追加）
- CoalesceSemanticsTests（新規 1 本、本タスクで追加）
- FifoOrderingTests（新規 1 本、本タスクで追加）
- RequestTimeoutTests（新規 3 本、本タスクで追加）
- EndToEndWiringPlayModeTests（既存 3 本）
- EditorPlayModeBridgePlayModeTests（既存）
- IpcDispatchStepPlayModeTests（既存）
- WebSocketTransportAdapterPlayModeTests（既存）
- RuntimeAssemblySmokeTests（既存）

Implementation notes:
- 既存の `EndToEndWiringPlayModeTests`（task 7.1）が WebSocket 経路で
  end-to-end を担保しているのに対し、本タスクは `InMemoryLoopbackTransport`
  経路で同一の Bus / Codec / DispatchQueue / Correlation 配線を疎通させる
  ことに焦点を絞った。トランスポート抽象 `ITransportAdapter` のみが
  差し替わり、CoreIpcBus 以下の挙動は本番経路と完全に同一であることを
  PlayMode 上で観測する位置付け。
- CoalesceSemanticsTests の判定基準は「最終受信値=99」かつ
  「総配信回数 < 100」とした。InMemory loopback は同期的にバイト
  キューへ enqueue されるため、典型的には 1 回（最新値だけ）に
  coalesce されるが、ワーカースレッドのスケジューリング次第で
  数フレームに分散する可能性があるため、厳密に 1 件ではなく
  "100 を下回る" を上限としている。
- RequestTimeoutTests は `CoreIpcOptions.DefaultRequestTimeout` を
  300 ms（既定値テスト）と 10 s（上書き値テスト）にそれぞれ設定し、
  override 側は `RequestOptions(TimeSpan.FromMilliseconds(250))` を
  渡してデフォルトの 1/40 で発火することを実時間で確認している。
  既定 5 秒は別途 `[Test] DefaultRequestTimeoutValue_IsFiveSeconds`
  で固定値テストとして保持し、コード変更でデフォルトが変わった場合に
  本タスクの担保が破綻しないようにした。
- LoopbackIntegrationHarness は `installPlayerLoop: true` /
  `registerAsCurrent: false` で構築する。bootstrap 経由で起動した
  `CoreIpcRuntime.Current` を上書きせずに自テスト用の Runtime を
  並列稼働させるため、テスト終了後の `[TearDown]` で
  `CoreIpcRuntime.ResetForTesting()` と `PlayerLoopInstaller.Uninstall()`
  を必ず呼ぶ（既存 `EndToEndWiringPlayModeTests` と同じ teardown 規律）。

Run-time results:
- task-8.1-editmode-results.xml: 353 passed / 0 failed
- task-8.1-playmode-results.xml: 33 passed / 0 failed
