[Licensing::Module] Trying to connect to existing licensing client channel...
Built from '6000.3/staging' branch; Version is '6000.3.10f1 (e35f0c77bd8e) revision 14901004'; Using compiler version '194234433'; Build Type 'Release'
OS: 'Windows 11  (10.0.26200) Professional' Language: 'ja' Physical Memory: 65220 MB
[Licensing::IpcConnector] Successfully connected to: "LicenseClient-Hidano" at "2026-04-25T12:56:41.9335123Z"
BatchMode: 1, IsHumanControllingUs: 0, StartBugReporterOnCrash: 0, Is64bit: 1
System  architecture: x64
Process architecture: x64
Date: 2026-04-25T12:56:41Z

COMMAND LINE ARGUMENTS:
C:\Program Files\Unity\Hub\Editor\6000.3.10f1\Editor\Unity.exe
-batchmode
-nographics
-projectPath
D:/Personal/Repositries/VTuberSystemBase
-runTests
-testPlatform
PlayMode
-testResults
D:/Personal/Repositries/VTuberSystemBase/.kiro/specs/core-ipc-foundation/run-logs/task-8.4-playmode-results.xml
-logFile
D:/Personal/Repositries/VTuberSystemBase/.kiro/specs/core-ipc-foundation/run-logs/task-8.4-playmode.log
-testFilter
VTuberSystemBase.CoreIpc.Tests.PerformanceLoadTests
Successfully changed project path to: D:/Personal/Repositries/VTuberSystemBase
D:/Personal/Repositries/VTuberSystemBase
[UnityMemory] Configuration Parameters - Can be set up in boot.config
    "memorysetup-temp-allocator-size-nav-mesh-worker=65536"
    "memorysetup-temp-allocator-size-audio-worker=65536"
    "memorysetup-temp-allocator-size-gfx=262144"
    "memorysetup-allocator-temp-initial-block-size-main=262144"
    "memorysetup-allocator-temp-initial-block-size-worker=262144"
    "memorysetup-temp-allocator-size-background-worker=32768"
    "memorysetup-temp-allocator-size-job-worker=262144"
    "memorysetup-temp-allocator-size-preload-manager=33554432"
    "memorysetup-temp-allocator-size-gi-baking-worker=262144"
    "memorysetup-temp-allocator-size-gi-baking-worker=262144"
    "memorysetup-temp-allocator-size-gi-baking-worker=262144"
    "memorysetup-temp-allocator-size-gi-baking-worker=262144"
    "memorysetup-temp-allocator-size-gi-baking-worker=262144"
    "memorysetup-bucket-allocator-granularity=16"
    "memorysetup-bucket-allocator-bucket-count=8"
    "memorysetup-bucket-allocator-block-size=33554432"
    "memorysetup-bucket-allocator-block-count=8"
    "memorysetup-main-allocator-block-size=16777216"
    "memorysetup-thread-allocator-block-size=16777216"
    "memorysetup-gfx-main-allocator-block-size=16777216"
    "memorysetup-gfx-thread-allocator-block-size=16777216"
    "memorysetup-cache-allocator-block-size=4194304"
    "memorysetup-typetree-allocator-block-size=2097152"
    "memorysetup-profiler-bucket-allocator-granularity=16"
    "memorysetup-profiler-bucket-allocator-bucket-count=8"
    "memorysetup-profiler-bucket-allocator-block-size=33554432"
    "memorysetup-profiler-bucket-allocator-block-count=8"
    "memorysetup-profiler-allocator-block-size=16777216"
    "memorysetup-profiler-editor-allocator-block-size=1048576"
    "memorysetup-temp-allocator-size-main=16777216"
    "memorysetup-job-temp-allocator-block-size=2097152"
    "memorysetup-job-temp-allocator-block-size-background=1048576"
    "memorysetup-job-temp-allocator-reduction-small-platforms=262144"
    "memorysetup-temp-allocator-size-cloud-worker=32768"
Player connection [62020]  Target information:

Player connection [62020]  * "[IP] 192.168.0.112 [Port] 55505 [Flags] 2 [Guid] 3401167630 [EditorId] 3401167630 [Version] 1048832 [Id] WindowsEditor(7,DESKTOP-794D179) [Debug] 1 [PackageName] WindowsEditor [ProjectName] Editor" 

Player connection [62020] Host joined multi-casting on [225.0.0.222:54997]...
Player connection [62020] Host joined alternative multi-casting on [225.0.0.222:34997]...
Input System module state changed to: Initialized.
[Physics::Module] Initialized fallback backend.
[Physics::Module] Id: 0xdecafbad
[Package Manager] Connected to IPC stream "Upm-43456" after 0.2 seconds.
[Licensing::Module] Licensing is not yet initialized.
[Licensing::Client] Handshaking with LicensingClient:
  Version:                 1.17.4+4293ba1
  Session Id:              9b9a6c91d1994e77b3e112252a7e2ceb
  Correlation Id:          04c4d6dae039fc487bf487c821038249
  External correlation Id: 3662767596192562656
  Machine Id:              NJnCi2kLka6rUvnOkC/kk5D1Dzo=
[Licensing::Module] Successfully connected to LicensingClient on channel: "LicenseClient-Hidano" (connect: 0.00s, validation: 0.00s, handshake: 0.58s)
[Licensing::IpcConnector] Successfully connected to: "LicenseClient-Hidano-notifications" at "2026-04-25T12:56:42.5148144Z"
[Licensing::Module] Error: Access token is unavailable; failed to update
[Licensing::Client] Successfully resolved entitlement details
[Licensing::Module] License group:
  Id: F4-T84G-QMAM-EH5R-BCHN-XXXX
  Product: Unity Personal
  Type: ULF
  Expiration: Unlimited
[Licensing::Module] License group:
  Id: 15669647304215-unvgi-UnitXXXX
  Product: Unity Pro
  Type: Assigned
  Expiration: 2026-11-15T00:00:00Z
[Licensing::Client] Successfully updated license, isAsync: True, time: 0.00
[Licensing::Module] Licensing Background thread has ended after 0.58s
[Licensing::Module] Licensing is initialized (took 0.15s).
[Licensing::Client] Successfully resolved entitlement details
[Licensing::Module] License group:
  Id: F4-T84G-QMAM-EH5R-BCHN-XXXX
  Product: Unity Personal
  Type: ULF
  Expiration: Unlimited
[Licensing::Module] License group:
  Id: 15669647304215-unvgi-UnitXXXX
  Product: Unity Pro
  Type: Assigned
  Expiration: 2026-11-15T00:00:00Z
Library Redirect Path: Library/
[Physics::Module] Selected backend.
[Physics::Module] Name: PhysX
[Physics::Module] Id: 0xf2b8ea05
[Physics::Module] SDK Version: 4.1.2
[Physics::Module] Integration Version: 1.0.0
[Physics::Module] Threading Mode: Multi-Threaded
Refreshing native plugins compatible for Editor in 0.04 ms, found 0 plugins.
Preloading 0 native plugins for Editor in 0.00 ms.
Initialize engine version: 6000.3.10f1 (e35f0c77bd8e)
[Subsystems] Discovering subsystems at path C:/Program Files/Unity/Hub/Editor/6000.3.10f1/Editor/Data/Resources/UnitySubsystems
[Subsystems] Discovering subsystems at path D:/Personal/Repositries/VTuberSystemBase/Assets
Forcing GfxDevice: Null
GfxDevice: creating device client; kGfxThreadingModeNonThreaded
NullGfxDevice:
    Version:  NULL 1.0 [1.0]
    Renderer: Null Device
    Vendor:   Unity Technologies
Initialize mono
Mono path[0] = 'C:/Program Files/Unity/Hub/Editor/6000.3.10f1/Editor/Data/Managed'
Mono path[1] = 'C:/Program Files/Unity/Hub/Editor/6000.3.10f1/Editor/Data/MonoBleedingEdge/lib/mono/unityjit-win32'
Mono config path = 'C:/Program Files/Unity/Hub/Editor/6000.3.10f1/Editor/Data/MonoBleedingEdge/etc'
Using monoOptions --debugger-agent=transport=dt_socket,embedding=1,server=y,suspend=n,address=127.0.0.1:56456
Using cacheserver namespaces - metadata:defaultmetadata, artifacts:defaultartifacts
Using cacheserver namespaces - metadata:defaultmetadata, artifacts:defaultartifacts
ImportWorker Server TCP listen port: 0
AcceleratorClientConnectionCallback - disconnected - :0
Begin MonoManager ReloadAssembly
Registering precompiled unity dll's ...
Register platform support module: C:/Program Files/Unity/Hub/Editor/6000.3.10f1/Editor/Data/PlaybackEngines/WindowsStandaloneSupport/UnityEditor.WindowsStandalone.Extensions.dll
Registered in 0.000988 seconds.
- Loaded All Assemblies, in  0.263 seconds
Native extension for WindowsStandalone target not found
ScheduleIndexationOnStartup MainProcess:False IndexOnStartup:False
Mono: successfully reloaded assembly
- Finished resetting the current domain, in  0.250 seconds
Domain Reload Profiling: 512ms
	BeginReloadAssembly (92ms)
		ExecutionOrderSort (0ms)
		DisableScriptedObjects (0ms)
		BackupInstance (0ms)
		ReleaseScriptingObjects (0ms)
		CreateAndSetChildDomain (12ms)
	RebuildCommonClasses (24ms)
	RebuildNativeTypeToScriptingClass (8ms)
	initialDomainReloadingComplete (29ms)
	LoadAllAssembliesAndSetupDomain (110ms)
		LoadAssemblies (78ms)
		RebuildTransferFunctionScriptingTraits (0ms)
		AnalyzeDomain (108ms)
			TypeCache.Refresh (107ms)
				TypeCache.ScanAssembly (97ms)
			BuildScriptInfoCaches (0ms)
			ResolveRequiredComponents (0ms)
	FinalizeReload (250ms)
		ReleaseScriptCaches (0ms)
		RebuildScriptCaches (0ms)
		SetupLoadedEditorAssemblies (226ms)
			LogAssemblyErrors (0ms)
			InitializePlatformSupportModulesInManaged (29ms)
			SetLoadedEditorAssemblies (3ms)
			BeforeProcessingInitializeOnLoad (56ms)
			ProcessInitializeOnLoadAttributes (92ms)
			ProcessInitializeOnLoadMethodAttributes (46ms)
			AfterProcessingInitializeOnLoad (0ms)
			EditorAssembliesLoaded (0ms)
		ExecutionOrderSort2 (0ms)
		AwakeInstancesAfterBackupRestoration (0ms)
[Licensing::Client] Successfully resolved entitlement details
[Licensing::Module] License group:
  Id: F4-T84G-QMAM-EH5R-BCHN-XXXX
  Product: Unity Personal
  Type: ULF
  Expiration: Unlimited
[Licensing::Module] License group:
  Id: 15669647304215-unvgi-UnitXXXX
  Product: Unity Pro
  Type: Assigned
  Expiration: 2026-11-15T00:00:00Z
Application.AssetDatabase Initial Refresh Start
Package Manager log level set to [2]
[Package Manager] Restoring resolved packages state from cache
[Licensing::Client] Successfully resolved entitlement details
[Package Manager] Registered 8 packages:
  Packages from [https://packages.unity.com]:
    com.unity.ide.rider@3.0.34 (location: D:\Personal\Repositries\VTuberSystemBase\Library\PackageCache\com.unity.ide.rider@ecbf706690e5)
    com.unity.ide.visualstudio@2.0.22 (location: D:\Personal\Repositries\VTuberSystemBase\Library\PackageCache\com.unity.ide.visualstudio@8140e851d83e)
  Built-in packages:
    com.unity.test-framework@1.6.0 (location: D:\Personal\Repositries\VTuberSystemBase\Library\PackageCache\com.unity.test-framework@0b7a23ab2e1d)
    com.unity.modules.unitywebrequest@1.0.0 (location: D:\Personal\Repositries\VTuberSystemBase\Library\PackageCache\com.unity.modules.unitywebrequest)
    com.unity.modules.imgui@1.0.0 (location: D:\Personal\Repositries\VTuberSystemBase\Library\PackageCache\com.unity.modules.imgui)
    com.unity.modules.jsonserialize@1.0.0 (location: D:\Personal\Repositries\VTuberSystemBase\Library\PackageCache\com.unity.modules.jsonserialize)
    com.unity.ext.nunit@2.0.5 (location: D:\Personal\Repositries\VTuberSystemBase\Library\PackageCache\com.unity.ext.nunit@d8c07649098d)
  Embedded packages:
    com.vtuber-system-base.core-ipc-foundation@file:D:\Personal\Repositries\VTuberSystemBase\Packages\com.vtuber-system-base.core-ipc-foundation (location: D:\Personal\Repositries\VTuberSystemBase\Packages\com.vtuber-system-base.core-ipc-foundation)
[Subsystems] No new subsystems found in resolved package list.
[Package Manager] Done registering packages in 0.01 seconds
The GUID inside 'Packages/com.vtuber-system-base.core-ipc-foundation/Runtime/Plugins/SystemTextJson/System.Runtime.CompilerServices.Unsafe.dll.meta' cannot be extracted by the YAML Parser. Attempting to extract it via string matching instead. Please verify the file does not contain unexpected data.
The .meta file Packages/com.vtuber-system-base.core-ipc-foundation/Runtime/Plugins/SystemTextJson/System.Runtime.CompilerServices.Unsafe.dll.meta does not have a valid GUID and its corresponding Asset file will be ignored. If this file is not malformed, please add a GUID, or delete the .meta file and it will be recreated correctly
[ScriptCompilation] Requested script compilation because: Assetdatabase observed changes in script compilation related files
Assembly for Assembly Definition File 'Packages/com.vtuber-system-base.core-ipc-foundation/Editor/VTuberSystemBase.CoreIpc.Editor.asmdef' will not be compiled, because it has no scripts associated with it.
UnityEngine.Debug:ExtractStackTraceNoAlloc (byte*,int,string)
UnityEngine.StackTraceUtility:ExtractStackTrace ()
UnityEngine.DebugLogHandler:Internal_Log (UnityEngine.LogType,UnityEngine.LogOption,string,UnityEngine.Object)
UnityEngine.DebugLogHandler:LogFormat (UnityEngine.LogType,UnityEngine.Object,string,object[])
UnityEngine.Logger:LogFormat (UnityEngine.LogType,string,object[])
UnityEngine.Debug:LogWarningFormat (string,object[])
UnityEditor.Scripting.ScriptCompilation.EditorCompilation:WarnIfThereAreAssembliesWithoutAnyScripts (UnityEditor.Scripting.ScriptCompilation.ScriptAssemblySettings,UnityEditor.Scripting.ScriptCompilation.ScriptAssembly[])
UnityEditor.Scripting.ScriptCompilation.EditorCompilation:CompileScriptsWithSettings (UnityEditor.Scripting.ScriptCompilation.ScriptAssemblySettings)
UnityEditor.Scripting.ScriptCompilation.EditorCompilation:CompileScripts (UnityEditor.Scripting.ScriptCompilation.EditorScriptCompilationOptions,UnityEditor.BuildTarget,int,string[])
UnityEditor.Scripting.ScriptCompilation.EditorCompilationInterface/<>c__DisplayClass21_0:<CompileScripts>b__0 ()
UnityEditor.Scripting.ScriptCompilation.EditorCompilationInterface:EmitExceptionAsError<UnityEditor.Scripting.ScriptCompilation.EditorCompilation/CompileStatus> (System.Func`1<UnityEditor.Scripting.ScriptCompilation.EditorCompilation/CompileStatus>,UnityEditor.Scripting.ScriptCompilation.EditorCompilation/CompileStatus)
UnityEditor.Scripting.ScriptCompilation.EditorCompilationInterface:CompileScripts (UnityEditor.Scripting.ScriptCompilation.EditorScriptCompilationOptions,UnityEditor.BuildTarget,int,string[])

info: Microsoft.Hosting.Lifetime[14]
      Now listening on: http://localhost:80
info: Microsoft.Hosting.Lifetime[0]
      Application started. Press Ctrl+C to shut down.
info: Microsoft.Hosting.Lifetime[0]
      Hosting environment: Production
info: Microsoft.Hosting.Lifetime[0]
      Content root path: D:\Personal\Repositries\VTuberSystemBase\
info: Microsoft.AspNetCore.Hosting.Diagnostics[1]
      Request starting HTTP/2 POST http://ilpp/UnityILPP.PostProcessing/Ping application/grpc -
info: Microsoft.AspNetCore.Routing.EndpointMiddleware[0]
      Executing endpoint 'gRPC - /UnityILPP.PostProcessing/Ping'
info: Microsoft.AspNetCore.Routing.EndpointMiddleware[1]
      Executed endpoint 'gRPC - /UnityILPP.PostProcessing/Ping'
info: Microsoft.AspNetCore.Hosting.Diagnostics[2]
      Request finished HTTP/2 POST http://ilpp/UnityILPP.PostProcessing/Ping application/grpc - - 200 - application/grpc 24.0940ms
Starting: C:\Program Files\Unity\Hub\Editor\6000.3.10f1\Editor\Data\Tools\BuildPipeline\bee_backend.exe --ipc --defer-dag-verification --dagfile="Library/Bee/1900b0aEDbg.dag" --continue-on-failure --profile="Library/Bee/backend1.traceevents" ScriptAssemblies
WorkingDir: D:/Personal/Repositries/VTuberSystemBase
DisplayProgressbar: Compiling Scripts
ExitCode: 0 Duration: 1s73ms
[203/206    0s] Csc Library/Bee/artifacts/1900b0aEDbg.dag/VTuberSystemBase.CoreIpc.Tests.Runtime.dll (+2 others)
[           0s] Csc Library/Bee/artifacts/1900b0aEDbg.dag/VTuberSystemBase.CoreIpc.Tests.Runtime.dll (+2 others) [CacheWrite 00000000000000000000000000000005]
[204/206    0s] CopyFiles Library/ScriptAssemblies/VTuberSystemBase.CoreIpc.Tests.Runtime.pdb
[205/206    0s] CopyFiles Library/ScriptAssemblies/VTuberSystemBase.CoreIpc.Tests.Runtime.dll
*** Tundra build success (1.05 seconds), 3 items updated, 206 evaluated
AssetDatabase: script compilation time: 1.360831s
Begin MonoManager ReloadAssembly
- Loaded All Assemblies, in  0.468 seconds
Refreshing native plugins compatible for Editor in 0.09 ms, found 0 plugins.
Native extension for WindowsStandalone target not found
ScheduleIndexationOnStartup MainProcess:True IndexOnStartup:False
Mono: successfully reloaded assembly
- Finished resetting the current domain, in  0.334 seconds
Domain Reload Profiling: 801ms
	BeginReloadAssembly (258ms)
		ExecutionOrderSort (0ms)
		DisableScriptedObjects (46ms)
		BackupInstance (0ms)
		ReleaseScriptingObjects (0ms)
		CreateAndSetChildDomain (125ms)
	RebuildCommonClasses (23ms)
	RebuildNativeTypeToScriptingClass (9ms)
	initialDomainReloadingComplete (15ms)
	LoadAllAssembliesAndSetupDomain (163ms)
		LoadAssemblies (203ms)
		RebuildTransferFunctionScriptingTraits (0ms)
		AnalyzeDomain (22ms)
			TypeCache.Refresh (17ms)
				TypeCache.ScanAssembly (13ms)
			BuildScriptInfoCaches (3ms)
			ResolveRequiredComponents (0ms)
	FinalizeReload (334ms)
		ReleaseScriptCaches (0ms)
		RebuildScriptCaches (0ms)
		SetupLoadedEditorAssemblies (267ms)
			LogAssemblyErrors (0ms)
			InitializePlatformSupportModulesInManaged (13ms)
			SetLoadedEditorAssemblies (2ms)
			BeforeProcessingInitializeOnLoad (89ms)
			ProcessInitializeOnLoadAttributes (131ms)
			ProcessInitializeOnLoadMethodAttributes (29ms)
			AfterProcessingInitializeOnLoad (2ms)
			EditorAssembliesLoaded (0ms)
		ExecutionOrderSort2 (0ms)
		AwakeInstancesAfterBackupRestoration (4ms)
Refreshing native plugins compatible for Editor in 0.16 ms, found 0 plugins.
Preloading 0 native plugins for Editor in 0.00 ms.
Asset Pipeline Refresh (id=4d278e1eb01d9d740a3b94851d25b4f3): Total: 2.314 seconds - Initiated by InitialRefreshV2(ForceSynchronousImport)
	Summary:
		Imports: total=0 (actual=0, local cache=0, cache server=0)
		Asset DB Process Time: managed=0 ms, native=428 ms
		Asset DB Callback time: managed=36 ms, native=8 ms
		Scripting: domain reloads=1, domain reload time=468 ms, compile time=1362 ms, other=10 ms
		Project Asset Count: scripts=132, non-scripts=29
		Asset File Changes: new=0, changed=1, moved=0, deleted=0
		Scan Filter Count: 0
	InvokeCustomDependenciesCallbacks: 0.001ms
	InvokePackagesCallback: 7.626ms
	ApplyChangesToAssetFolders: 0.264ms
	Scan: 38.351ms
	OnSourceAssetsModified: 0.608ms
	CategorizeAssetsWithTransientArtifact: 2.287ms
	ProcessAssetsWithTransientArtifactChanges: 3.532ms
	CategorizeAssets: 0.530ms
	ImportOutOfDateAssets: 335.271ms (-1026.489ms without children)
		CompileScripts: 1361.563ms
		ReloadNativeAssets: 0.000ms
		UnloadImportedAssets: 0.062ms
		EnsureUptoDateAssetsAreRegisteredWithGuidPM: 0.019ms
		InitializingProgressBar: 0.001ms
		PostProcessAllAssetNotificationsAddChangedAssets: 0.000ms
		OnDemandSchedulerStart: 0.114ms
	PostProcessAllAssets: 36.907ms
	Hotreload: 0.544ms
	GatherAllCurrentPrimaryArtifactRevisions: 0.002ms
	UnloadStreamsBegin: 0.843ms
	PersistCurrentRevisions: 0.003ms
	UnloadStreamsEnd: 0.001ms
	GenerateScriptTypeHashes: 0.001ms
	Untracked: 1887.135ms

Application.AssetDatabase Initial Refresh End
Scanning for USB devices : 4.047ms
Initializing Unity extensions:
[MODES] ModeService[none].Initialize
[MODES] ModeService[none].LoadModes
[MODES] Loading mode Default (0) for mode-current-id-VTuberSystemBase
Unloading 3 Unused Serialized files (Serialized files now loaded: 0)
Unloading 595 unused Assets / (1.2 MB). Loaded Objects now: 1186.
Memory consumption went from 91.5 MB to 90.3 MB.
Total: 3.734200 ms (FindLiveObjects: 0.057300 ms CreateObjectMapping: 0.011800 ms MarkObjects: 3.266900 ms  DeleteObjects: 0.397600 ms)

Microsoft Media Foundation video decoding to texture disabled: graphics device is Null, only Direct3D 11 and Direct3D 12 (only on desktop) are supported for hardware-accelerated video decoding.
[Project] Loading completed in 3.881 seconds
	Project init time: 				3.511 seconds
		Template init time: 		0.000 seconds
		Package Manager init time: 		0.347 seconds
		Asset Database init time: 		0.150 seconds
		Global illumination init time: 	0.002 seconds
		Assemblies load time: 			0.524 seconds
		Unity extensions init time: 	0.001 seconds
		Asset Database refresh time: 	2.314 seconds
	Scene opening time: 			0.064 seconds
##utp:{"type":"ProjectInfo","version":2,"phase":"Immediate","time":1777121805732,"processId":43456,"projectLoad":3.8810618999999999,"projectInit":3.5108983,"templateInit":0.0,"packageManagerInit":0.3465393,"assetDatabaseInit":0.149743,"globalIlluminationInit":0.0019985,"assembliesLoad":0.5243757,"unityExtensionsInit":0.0006188,"assetDatabaseRefresh":2.3140202,"sceneOpening":0.0644903}
##utp:{"type":"EditorInfo","version":2,"phase":"Immediate","time":1777121805733,"processId":43456,"editorVersion":"6000.3.10f1 (e35f0c77bd8e)","branch":"6000.3/staging","buildType":"Release","platform":"Windows"}
Asset Pipeline Refresh (id=a0970d1429fe192428ef15656b886951): Total: 0.006 seconds - Initiated by RefreshV2(NoUpdateAssetOptions)
Running tests for ExecutionSettings with details:
targetPlatform = 
playerHeartbeatTimeout = 600
filters[0] = 
   Filter with settings:
   testMode = PlayMode
   targetPlatform = 
   testNames = null
   groupNames = VTuberSystemBase.CoreIpc.Tests.PerformanceLoadTests
   categoryNames = null
   assemblyNames = null
ignoreTests = {}
featureFlags = null

UnityEngine.Debug:ExtractStackTraceNoAlloc (byte*,int,string)
UnityEngine.StackTraceUtility:ExtractStackTrace ()
UnityEngine.DebugLogHandler:Internal_Log (UnityEngine.LogType,UnityEngine.LogOption,string,UnityEngine.Object)
UnityEngine.DebugLogHandler:LogFormat (UnityEngine.LogType,UnityEngine.Object,string,object[])
UnityEngine.Logger:Log (UnityEngine.LogType,object)
UnityEngine.Debug:Log (object)
UnityEditor.TestTools.TestRunner.CommandLineTest.Executer:InitializeAndExecuteRun (string[]) (at ./Library/PackageCache/com.unity.test-framework@0b7a23ab2e1d/UnityEditor.TestRunner/CommandLineTest/Executer.cs:53)
UnityEditor.TestTools.TestRunner.CommandLineTest.TestStarter:InitializeAndExecuteRun () (at ./Library/PackageCache/com.unity.test-framework@0b7a23ab2e1d/UnityEditor.TestRunner/CommandLineTest/TestStarter.cs:64)
UnityEditor.EditorApplication:Internal_CallUpdateFunctions ()

(Filename: ./Library/PackageCache/com.unity.test-framework@0b7a23ab2e1d/UnityEditor.TestRunner/CommandLineTest/Executer.cs Line: 53)

[UnityConnectServicesConfig] config is NOT valid, switching to default
Created GICache directory at C:/Users/Hidano/AppData/LocalLow/Unity/Caches/GiCache. Took: 0.005s, timestamps: [3.883 - 3.888]
Unloading 1 Unused Serialized files (Serialized files now loaded: 0)
Unloading 1 unused Assets / (44.7 KB). Loaded Objects now: 1226.
Memory consumption went from 90.7 MB to 90.7 MB.
Total: 3.715600 ms (FindLiveObjects: 0.042400 ms CreateObjectMapping: 0.008600 ms MarkObjects: 3.648400 ms  DeleteObjects: 0.015300 ms)

Start importing Assets/InitTestScenec48fddb8-abca-46c2-8fe4-bcc4e4682093.unity using Guid(7263549fef83d3e48bff3b30aa00a056) (DefaultImporter) -> (artifact id: '0129529acff7da6c56e3501e42c3ad6f') in 0.0031404 seconds
Refreshing native plugins compatible for Editor in 0.10 ms, found 0 plugins.
Preloading 0 native plugins for Editor in 0.00 ms.
Asset Pipeline Refresh (id=998318128bdd4064da71be9ab4c83bff): Total: 0.019 seconds - Initiated by StopAssetImportingV2(NoUpdateAssetOptions)
Reloading assemblies for play mode.
Reloading assemblies after forced synchronous recompile.
Begin MonoManager ReloadAssembly
21:56:46.107 |V| RiderPlugin                    | :1                             | AppDomain.CurrentDomain.DomainUnload lifetimeDefinition.Terminate
- Loaded All Assemblies, in  0.228 seconds
Refreshing native plugins compatible for Editor in 0.09 ms, found 0 plugins.
Native extension for WindowsStandalone target not found
ScheduleIndexationOnStartup MainProcess:True IndexOnStartup:False
Mono: successfully reloaded assembly
- Finished resetting the current domain, in  0.406 seconds
Domain Reload Profiling: 634ms
	BeginReloadAssembly (161ms)
		ExecutionOrderSort (0ms)
		DisableScriptedObjects (50ms)
		BackupInstance (0ms)
		ReleaseScriptingObjects (0ms)
		CreateAndSetChildDomain (36ms)
	RebuildCommonClasses (23ms)
	RebuildNativeTypeToScriptingClass (8ms)
	initialDomainReloadingComplete (15ms)
	LoadAllAssembliesAndSetupDomain (20ms)
		LoadAssemblies (66ms)
		RebuildTransferFunctionScriptingTraits (0ms)
		AnalyzeDomain (15ms)
			TypeCache.Refresh (3ms)
				TypeCache.ScanAssembly (0ms)
			BuildScriptInfoCaches (10ms)
			ResolveRequiredComponents (0ms)
	FinalizeReload (406ms)
		ReleaseScriptCaches (0ms)
		RebuildScriptCaches (0ms)
		SetupLoadedEditorAssemblies (285ms)
			LogAssemblyErrors (0ms)
			InitializePlatformSupportModulesInManaged (14ms)
			SetLoadedEditorAssemblies (4ms)
			BeforeProcessingInitializeOnLoad (84ms)
			ProcessInitializeOnLoadAttributes (100ms)
			ProcessInitializeOnLoadMethodAttributes (81ms)
			AfterProcessingInitializeOnLoad (2ms)
			EditorAssembliesLoaded (0ms)
		ExecutionOrderSort2 (0ms)
		AwakeInstancesAfterBackupRestoration (15ms)
Asset Pipeline Refresh (id=a74a47a3c0baab343b934fc7b6383ef8): Total: 0.659 seconds - Initiated by StopAssetImportingV2(ForceSynchronousImport | ForceDomainReload)
	Summary:
		Imports: total=0 (actual=0, local cache=0, cache server=0)
		Asset DB Process Time: managed=0 ms, native=418 ms
		Asset DB Callback time: managed=7 ms, native=0 ms
		Scripting: domain reloads=1, domain reload time=232 ms, compile time=1 ms, other=0 ms
		Project Asset Count: scripts=132, non-scripts=30
		Asset File Changes: new=0, changed=0, moved=0, deleted=0
		Scan Filter Count: 0
	InvokeCustomDependenciesCallbacks: 0.001ms
	InvokePackagesCallback: 1.048ms
	ApplyChangesToAssetFolders: 0.042ms
	Scan: 0.000ms
	OnSourceAssetsModified: 0.001ms
	CategorizeAssetsWithTransientArtifact: 0.001ms
	ProcessAssetsWithTransientArtifactChanges: 0.209ms
	CategorizeAssets: 0.503ms
	ImportOutOfDateAssets: 406.904ms (406.188ms without children)
		CompileScripts: 0.586ms
		CollectScriptTypesHashes: 0.001ms
		ReloadNativeAssets: 0.000ms
		UnloadImportedAssets: 0.001ms
		EnsureUptoDateAssetsAreRegisteredWithGuidPM: 0.018ms
		InitializingProgressBar: 0.000ms
		PostProcessAllAssetNotificationsAddChangedAssets: 0.000ms
		OnDemandSchedulerStart: 0.110ms
	PostProcessAllAssets: 7.788ms
	GatherAllCurrentPrimaryArtifactRevisions: 0.007ms
	UnloadStreamsBegin: 0.002ms
	PersistCurrentRevisions: 0.004ms
	UnloadStreamsEnd: 0.001ms
	GenerateScriptTypeHashes: 0.000ms
	Untracked: 242.862ms

[CoreIpc.RuntimeBootstrap] CoreIpcRuntime initialization completed.
UnityEngine.Debug:ExtractStackTraceNoAlloc (byte*,int,string)
UnityEngine.StackTraceUtility:ExtractStackTrace ()
UnityEngine.DebugLogHandler:Internal_Log (UnityEngine.LogType,UnityEngine.LogOption,string,UnityEngine.Object)
UnityEngine.DebugLogHandler:LogFormat (UnityEngine.LogType,UnityEngine.Object,string,object[])
UnityEngine.Logger:Log (UnityEngine.LogType,object)
UnityEngine.Debug:Log (object)
VTuberSystemBase.CoreIpc.Core.Lifecycle.RuntimeBootstrap/<>c:<OnBeforeSceneLoad>b__9_2 () (at ./Packages/com.vtuber-system-base.core-ipc-foundation/Runtime/Core/Lifecycle/RuntimeBootstrap.cs:40)
VTuberSystemBase.CoreIpc.Core.Lifecycle.RuntimeBootstrap/<>c__DisplayClass10_0:<Bootstrap>b__0 (System.Threading.Tasks.Task) (at ./Packages/com.vtuber-system-base.core-ipc-foundation/Runtime/Core/Lifecycle/RuntimeBootstrap.cs:95)
System.Threading.Tasks.ContinuationTaskFromTask:InnerInvoke ()
System.Threading.Tasks.Task:Execute ()
System.Threading.Tasks.Task:ExecutionContextCallback (object)
System.Threading.ExecutionContext:RunInternal (System.Threading.ExecutionContext,System.Threading.ContextCallback,object,bool)
System.Threading.ExecutionContext:Run (System.Threading.ExecutionContext,System.Threading.ContextCallback,object,bool)
System.Threading.Tasks.Task:ExecuteWithThreadLocal (System.Threading.Tasks.Task&)
System.Threading.Tasks.Task:ExecuteEntry (bool)
System.Threading.Tasks.Task:System.Threading.IThreadPoolWorkItem.ExecuteWorkItem ()
System.Threading.ThreadPoolWorkQueue:Dispatch ()
System.Threading._ThreadPoolWaitCallback:PerformWaitCallback ()

(Filename: ./Packages/com.vtuber-system-base.core-ipc-foundation/Runtime/Core/Lifecycle/RuntimeBootstrap.cs Line: 40)

Loaded scene 'Temp/__Backupscenes/0.backup'
	Deserialize:            0.773 ms
	Integration:            33.364 ms
	Integration of assets:  0.001 ms
	Thread Wait Time:       0.007 ms
	Total Operation Time:   34.144 ms
[MODES] ModeService[none].Initialize
[MODES] ModeService[none].LoadModes
PlayerLoopInstaller.Install called while already installed; existing IpcDispatchStep is being replaced.   at System.Environment.get_StackTrace () [0x00000] in <41d29b352f6a475ab1bf7c6628b82790>:0 
  at VTuberSystemBase.CoreIpc.Core.Dispatch.PlayerLoopInstaller.Install (System.Action flushAction, System.Action`1[T] logWarning) [0x0002f] in .\Packages\com.vtuber-system-base.core-ipc-foundation\Runtime\Core\Dispatch\PlayerLoopInstaller.cs:27 
  at VTuberSystemBase.CoreIpc.Core.Dispatch.IpcDispatchStep.Install (System.Action`1[T] logWarning) [0x00001] in .\Packages\com.vtuber-system-base.core-ipc-foundation\Runtime\Core\Dispatch\IpcDispatchStep.cs:36 
  at VTuberSystemBase.CoreIpc.Core.CoreIpcRuntimeHost.InitializeAsync (VTuberSystemBase.CoreIpc.Abstractions.CoreIpcOptions options, System.Threading.CancellationToken cancellationToken) [0x005b7] in .\Packages\com.vtuber-system-base.core-ipc-foundation\Runtime\Core\CoreIpcRuntimeHost.cs:214 
  at System.Runtime.CompilerServices.AsyncTaskMethodBuilder.Start[TStateMachine] (TStateMachine& stateMachine) [0x00000] in <41d29b352f6a475ab1bf7c6628b82790>:0 
  at VTuberSystemBase.CoreIpc.Core.CoreIpcRuntimeHost.InitializeAsync (VTuberSystemBase.CoreIpc.Abstractions.CoreIpcOptions options, System.Threading.CancellationToken cancellationToken) [0x00000] in <679f8c0c3a1340dcb877a31d07d10a0c>:0 
  at VTuberSystemBase.CoreIpc.Tests.TestSupport.LoopbackIntegrationHarness+<InitializeAndAwaitConnected>d__7.MoveNext () [0x0002e] in .\Packages\com.vtuber-system-base.core-ipc-foundation\Tests\Runtime\TestSupport\LoopbackIntegrationHarness.cs:87 
  at UnityEngine.TestTools.TestEnumerator+<Execute>d__7.MoveNext () [0x0004e] in .\Library\PackageCache\com.unity.test-framework@0b7a23ab2e1d\UnityEngine.TestRunner\NUnitExtensions\Attributes\TestEnumerator.cs:44 
  at UnityEngine.TestTools.EnumerableTestMethodCommand+<ExecuteEnumerableAndRecordExceptions>d__4.MoveNext () [0x0005d] in .\Library\PackageCache\com.unity.test-framework@0b7a23ab2e1d\UnityEngine.TestRunner\NUnitExtensions\Commands\EnumerableTestMethodCommand.cs:79 
  at UnityEngine.SetupCoroutine.InvokeMoveNext (System.Collections.IEnumerator enumerator, System.IntPtr returnValueAddress) [0x00000] in <dc764b59c049482b93bebc78a7e33a04>:0 
UnityEngine.Debug:ExtractStackTraceNoAlloc (byte*,int,string)
UnityEngine.StackTraceUtility:ExtractStackTrace ()
UnityEngine.DebugLogHandler:Internal_Log (UnityEngine.LogType,UnityEngine.LogOption,string,UnityEngine.Object)
UnityEngine.DebugLogHandler:LogFormat (UnityEngine.LogType,UnityEngine.Object,string,object[])
UnityEngine.Logger:Log (UnityEngine.LogType,object)
UnityEngine.Debug:LogWarning (object)
VTuberSystemBase.CoreIpc.Core.Dispatch.PlayerLoopInstaller:Install (System.Action,System.Action`1<string>) (at ./Packages/com.vtuber-system-base.core-ipc-foundation/Runtime/Core/Dispatch/PlayerLoopInstaller.cs:34)
VTuberSystemBase.CoreIpc.Core.Dispatch.IpcDispatchStep:Install (System.Action`1<string>) (at ./Packages/com.vtuber-system-base.core-ipc-foundation/Runtime/Core/Dispatch/IpcDispatchStep.cs:36)
VTuberSystemBase.CoreIpc.Core.CoreIpcRuntimeHost/<InitializeAsync>d__31:MoveNext () (at ./Packages/com.vtuber-system-base.core-ipc-foundation/Runtime/Core/CoreIpcRuntimeHost.cs:214)
System.Runtime.CompilerServices.AsyncTaskMethodBuilder:Start<VTuberSystemBase.CoreIpc.Core.CoreIpcRuntimeHost/<InitializeAsync>d__31> (VTuberSystemBase.CoreIpc.Core.CoreIpcRuntimeHost/<InitializeAsync>d__31&)
VTuberSystemBase.CoreIpc.Core.CoreIpcRuntimeHost:InitializeAsync (VTuberSystemBase.CoreIpc.Abstractions.CoreIpcOptions,System.Threading.CancellationToken)
VTuberSystemBase.CoreIpc.Tests.TestSupport.LoopbackIntegrationHarness/<InitializeAndAwaitConnected>d__7:MoveNext () (at ./Packages/com.vtuber-system-base.core-ipc-foundation/Tests/Runtime/TestSupport/LoopbackIntegrationHarness.cs:87)
UnityEngine.TestTools.TestEnumerator/<Execute>d__7:MoveNext () (at ./Library/PackageCache/com.unity.test-framework@0b7a23ab2e1d/UnityEngine.TestRunner/NUnitExtensions/Attributes/TestEnumerator.cs:44)
UnityEngine.TestTools.EnumerableTestMethodCommand/<ExecuteEnumerableAndRecordExceptions>d__4:MoveNext () (at ./Library/PackageCache/com.unity.test-framework@0b7a23ab2e1d/UnityEngine.TestRunner/NUnitExtensions/Commands/EnumerableTestMethodCommand.cs:79)
UnityEngine.SetupCoroutine:InvokeMoveNext (System.Collections.IEnumerator,intptr)

(Filename: ./Packages/com.vtuber-system-base.core-ipc-foundation/Runtime/Core/Dispatch/PlayerLoopInstaller.cs Line: 34)

Saving results to: D:/Personal/Repositries/VTuberSystemBase/.kiro/specs/core-ipc-foundation/run-logs/task-8.4-playmode-results.xml
Unloading 0 Unused Serialized files (Serialized files now loaded: 0)
Loaded scene 'Temp/__Backupscenes/0.backup'
	Deserialize:            0.347 ms
	Integration:            3.340 ms
	Integration of assets:  0.001 ms
	Thread Wait Time:       0.008 ms
	Total Operation Time:   3.696 ms
Unloading 2 unused Assets / (0.8 KB). Loaded Objects now: 1233.
Memory consumption went from 89.0 MB to 89.0 MB.
Total: 3.423300 ms (FindLiveObjects: 0.045800 ms CreateObjectMapping: 0.008100 ms MarkObjects: 3.356100 ms  DeleteObjects: 0.013000 ms)

Unloading 0 Unused Serialized files (Serialized files now loaded: 0)
Unloading 0 unused Assets / (0 B). Loaded Objects now: 1238.
Memory consumption went from 89.0 MB to 89.0 MB.
Total: 3.596900 ms (FindLiveObjects: 0.038800 ms CreateObjectMapping: 0.009500 ms MarkObjects: 3.545500 ms  DeleteObjects: 0.002500 ms)

Refreshing native plugins compatible for Editor in 0.14 ms, found 0 plugins.
Preloading 0 native plugins for Editor in 0.00 ms.
Asset Pipeline Refresh (id=87abe61cd9f305a42a190fb6d6c5b21e): Total: 0.033 seconds - Initiated by StopAssetImportingV2(NoUpdateAssetOptions)
DisplayProgressbar: Undo
Test run completed. Exiting with code 0 (Ok). Run completed.
UnityEngine.Debug:ExtractStackTraceNoAlloc (byte*,int,string)
UnityEngine.StackTraceUtility:ExtractStackTrace ()
UnityEngine.DebugLogHandler:Internal_Log (UnityEngine.LogType,UnityEngine.LogOption,string,UnityEngine.Object)
UnityEngine.DebugLogHandler:LogFormat (UnityEngine.LogType,UnityEngine.Object,string,object[])
UnityEngine.Logger:Log (UnityEngine.LogType,object)
UnityEngine.Debug:Log (object)
UnityEditor.TestTools.TestRunner.CommandLineTest.Executer:ExitApplication (UnityEditor.TestTools.TestRunner.CommandLineTest.Executer/ReturnCodes,string) (at ./Library/PackageCache/com.unity.test-framework@0b7a23ab2e1d/UnityEditor.TestRunner/CommandLineTest/Executer.cs:81)
UnityEditor.TestTools.TestRunner.CommandLineTest.Executer:ExitIfRunIsCompleted () (at ./Library/PackageCache/com.unity.test-framework@0b7a23ab2e1d/UnityEditor.TestRunner/CommandLineTest/Executer.cs:74)
UnityEditor.EditorApplication:Internal_CallUpdateFunctions ()

(Filename: ./Library/PackageCache/com.unity.test-framework@0b7a23ab2e1d/UnityEditor.TestRunner/CommandLineTest/Executer.cs Line: 81)

Start importing ProjectSettings/ProjectSettings.asset using Guid(00000000000000004000000000000000) (LibraryAssetImporter) -> (artifact id: 'fbe35f41a15d244f812bdbae9378162c') in 0.0039383 seconds
Refreshing native plugins compatible for Editor in 0.10 ms, found 0 plugins.
Preloading 0 native plugins for Editor in 0.00 ms.
Asset Pipeline Refresh (id=7f843a4deecd20e4ab50415684874d8d): Total: 0.009 seconds - Initiated by StopAssetImportingV2(NoUpdateAssetOptions)
[Physics::Module] Cleanup current backend.
[Physics::Module] Id: 0xf2b8ea05
Input System module state changed to: ShutdownInProgress.
Input System polling thread exited.
Input System module state changed to: Shutdown.
[Licensing::IpcConnector] LicenseClient-Hidano-notifications channel disconnected successfully.
[Licensing::IpcConnector] LicenseClient-Hidano channel disconnected successfully.
AcceleratorClientConnectionCallback - disconnected - :0
Cleanup mono
21:56:57.440 |V| RiderPlugin                    | :1                             | AppDomain.CurrentDomain.DomainUnload lifetimeDefinition.Terminate
abort_threads: Failed aborting id: 000000000000F0B4, mono_thread_manage will ignore it

abort_threads: Failed aborting id: 000000000000C9FC, mono_thread_manage will ignore it

abort_threads: Failed aborting id: 000000000000F0B4, mono_thread_manage will ignore it

abort_threads: Failed aborting id: 000000000000C9FC, mono_thread_manage will ignore it

debugger-agent: Unable to listen on 3780
Checking for leaked weakptr:
  Found no leaked weakptrs.
[Package Manager] Server process was shutdown
##utp:{"type":"MemoryLeaks","version":2,"phase":"Immediate","time":1777121817495,"processId":43456,"allocatedMemory":10108931,"memoryLabels":[{"Default":14409},{"Permanent":15236},{"NewDelete":67891},{"Thread":4230344},{"Manager":50933},{"VertexData":8},{"Geometry":816},{"Texture":296},{"Shader":79381},{"Material":24},{"GfxDevice":55257},{"Animation":392},{"Audio":3040},{"FreeType":8},{"FontEngine":736},{"Physics":2090},{"Physics2D":16},{"Serialization":720},{"Input":14984},{"JobScheduler":33024},{"TextLib":216},{"Mono":32},{"ScriptingNativeRuntime":155060},{"BaseObject":1620208},{"Resource":1336},{"Renderer":3000},{"Transform":4685},{"File":1016},{"WebCam":616},{"Culling":32},{"Terrain":11394},{"Wind":24},{"STL":40},{"String":13588},{"DynamicArray":78191},{"HashMap":63638},{"Utility":2662998},{"Curl":2559},{"PoolAlloc":2056},{"AI":80},{"TypeTree":5341},{"ScriptManager":512},{"RuntimeInitializeOnLoadManager":64},{"SpriteAtlas":112},{"GI":7792},{"Director":8240},{"CloudService":432},{"WebRequest":808},{"VR":47994},{"SceneManager":504},{"Video":64},{"LazyScriptCache":32},{"Camera":17},{"Secure":2113},{"SerializationCache":1576},{"APIUpdating":10320},{"Subsystems":336},{"VirtualTexturing":57888},{"StaticSafetyDebugInfo":278528},{"Analytics":256},{"Hierarchy":608},{"CoreStats":13032},{"Identifiers":12960},{"Gui":96},{"EditorUtility":103538},{"VersionControl":4},{"Undo":947},{"AssetDatabase":319665},{"EditorGi":328},{"UnityConnect":29232},{"Upm":1896},{"AssetCompliance":64},{"DrivenProperties":72},{"LocalIPC":212},{"ProfilerEditor":9746},{"CoreBusinessMetrics":2604},{"Licensing":664},{"AssetReference":32},{"IPCStream":32}]}
